TN:
SF:middleware.ts
FN:17,middleware
FN:21,(anonymous_4)
FN:22,(anonymous_5)
FNF:3
FNH:0
FNDA:0,middleware
FNDA:0,(anonymous_4)
FNDA:0,(anonymous_5)
DA:1,0
DA:5,0
DA:15,0
DA:17,0
DA:18,0
DA:21,0
DA:22,0
DA:25,0
DA:27,0
DA:30,0
DA:31,0
DA:32,0
DA:33,0
DA:37,0
DA:38,0
DA:42,0
DA:43,0
DA:44,0
DA:45,0
DA:46,0
DA:47,0
DA:48,0
DA:51,0
DA:54,0
LF:24
LH:0
BRDA:25,0,0,0
BRDA:25,0,1,0
BRDA:30,1,0,0
BRDA:30,2,0,0
BRDA:30,2,1,0
BRDA:37,3,0,0
BRDA:37,4,0,0
BRDA:37,4,1,0
BRDA:42,5,0,0
BRDA:44,6,0,0
BRDA:44,6,1,0
BRF:11
BRH:0
end_of_record
TN:
SF:tailwind.config.ts
FNF:0
FNH:0
DA:3,0
DA:50,0
LF:2
LH:0
BRF:0
BRH:0
end_of_record
TN:
SF:app/layout.tsx
FN:13,RootLayout
FNF:1
FNH:0
FNDA:0,RootLayout
DA:2,0
DA:3,0
DA:4,0
DA:6,0
DA:8,0
DA:13,0
LF:6
LH:0
BRF:0
BRH:0
end_of_record
TN:
SF:app/page.tsx
FN:16,Home
FNF:1
FNH:0
FNDA:0,Home
DA:1,0
DA:2,0
DA:3,0
DA:4,0
DA:14,0
DA:16,0
LF:6
LH:0
BRF:0
BRH:0
end_of_record
TN:
SF:app/providers.tsx
FN:9,Providers
FN:11,(anonymous_2)
FN:24,(anonymous_3)
FNF:3
FNH:0
FNDA:0,Providers
FNDA:0,(anonymous_2)
FNDA:0,(anonymous_3)
DA:3,0
DA:4,0
DA:5,0
DA:6,0
DA:7,0
DA:9,0
DA:10,0
DA:12,0
DA:22,0
DA:24,0
DA:26,0
DA:27,0
DA:28,0
DA:29,0
LF:14
LH:0
BRDA:26,0,0,0
BRDA:26,1,0,0
BRDA:26,1,1,0
BRDA:28,2,0,0
BRF:4
BRH:0
end_of_record
TN:
SF:app/(auth)/layout.tsx
FN:3,Layout
FNF:1
FNH:0
FNDA:0,Layout
DA:1,0
DA:3,0
LF:2
LH:0
BRF:0
BRH:0
end_of_record
TN:
SF:app/(auth)/forgot-password/page.tsx
FN:21,ForgotPasswordPage
FN:32,(anonymous_3)
FN:35,(anonymous_4)
FN:39,(anonymous_5)
FN:46,(anonymous_6)
FN:71,(anonymous_7)
FNF:6
FNH:0
FNDA:0,ForgotPasswordPage
FNDA:0,(anonymous_3)
FNDA:0,(anonymous_4)
FNDA:0,(anonymous_5)
FNDA:0,(anonymous_6)
FNDA:0,(anonymous_7)
DA:3,0
DA:4,0
DA:5,0
DA:6,0
DA:7,0
DA:8,0
DA:9,0
DA:10,0
DA:11,0
DA:12,0
DA:13,0
DA:14,0
DA:15,0
DA:21,0
DA:22,0
DA:23,0
DA:29,0
DA:31,0
DA:33,0
DA:36,0
DA:37,0
DA:40,0
DA:46,0
DA:47,0
DA:50,0
DA:71,0
LF:26
LH:0
BRDA:41,0,0,0
BRDA:41,0,1,0
BRDA:50,1,0,0
BRDA:120,2,0,0
BRDA:134,3,0,0
BRDA:134,3,1,0
BRF:6
BRH:0
end_of_record
TN:
SF:app/(auth)/login/page.tsx
FN:19,LoginPage
FN:34,(anonymous_3)
FN:37,(anonymous_4)
FN:45,(anonymous_5)
FN:50,(anonymous_6)
FN:60,(anonymous_7)
FN:66,(anonymous_8)
FN:71,(anonymous_9)
FN:76,(anonymous_10)
FN:81,(anonymous_11)
FN:86,(anonymous_12)
FN:115,(anonymous_13)
FN:139,(anonymous_14)
FN:203,(anonymous_15)
FNF:14
FNH:0
FNDA:0,LoginPage
FNDA:0,(anonymous_3)
FNDA:0,(anonymous_4)
FNDA:0,(anonymous_5)
FNDA:0,(anonymous_6)
FNDA:0,(anonymous_7)
FNDA:0,(anonymous_8)
FNDA:0,(anonymous_9)
FNDA:0,(anonymous_10)
FNDA:0,(anonymous_11)
FNDA:0,(anonymous_12)
FNDA:0,(anonymous_13)
FNDA:0,(anonymous_14)
FNDA:0,(anonymous_15)
DA:3,0
DA:4,0
DA:5,0
DA:6,0
DA:7,0
DA:8,0
DA:9,0
DA:10,0
DA:11,0
DA:12,0
DA:13,0
DA:14,0
DA:15,0
DA:17,0
DA:19,0
DA:20,0
DA:21,0
DA:22,0
DA:23,0
DA:24,0
DA:25,0
DA:31,0
DA:33,0
DA:35,0
DA:38,0
DA:39,0
DA:40,0
DA:42,0
DA:43,0
DA:45,0
DA:46,0
DA:51,0
DA:55,0
DA:59,0
DA:61,0
DA:62,0
DA:64,0
DA:67,0
DA:68,0
DA:69,0
DA:72,0
DA:76,0
DA:77,0
DA:78,0
DA:81,0
DA:82,0
DA:83,0
DA:86,0
DA:87,0
DA:88,0
DA:89,0
DA:90,0
DA:92,0
DA:95,0
DA:115,0
DA:140,0
DA:141,0
DA:142,0
DA:203,0
LF:59
LH:0
BRDA:38,0,0,0
BRDA:38,0,1,0
BRDA:51,1,0,0
BRDA:51,1,1,0
BRDA:51,1,2,0
BRDA:51,1,3,0
BRDA:61,2,0,0
BRDA:72,3,0,0
BRDA:72,3,1,0
BRDA:72,3,2,0
BRDA:88,4,0,0
BRDA:88,5,0,0
BRDA:88,5,1,0
BRDA:95,6,0,0
BRDA:129,7,0,0
BRDA:129,7,1,0
BRDA:179,8,0,0
BRDA:190,9,0,0
BRDA:190,9,1,0
BRDA:207,10,0,0
BRDA:213,11,0,0
BRDA:235,12,0,0
BRDA:235,12,1,0
BRF:23
BRH:0
end_of_record
TN:
SF:app/(auth)/register/page.tsx
FN:32,RegisterContent
FN:42,(anonymous_3)
FN:65,(anonymous_4)
FN:69,(anonymous_5)
FN:87,(anonymous_6)
FN:96,(anonymous_7)
FN:127,(anonymous_8)
FN:171,(anonymous_9)
FN:275,(anonymous_10)
FN:277,(anonymous_11)
FN:299,(anonymous_12)
FN:301,(anonymous_13)
FN:378,(anonymous_14)
FN:380,(anonymous_15)
FN:384,(anonymous_16)
FN:394,(anonymous_17)
FN:411,(anonymous_18)
FN:440,(anonymous_19)
FN:447,(anonymous_20)
FN:499,RegisterPage
FNF:20
FNH:0
FNDA:0,RegisterContent
FNDA:0,(anonymous_3)
FNDA:0,(anonymous_4)
FNDA:0,(anonymous_5)
FNDA:0,(anonymous_6)
FNDA:0,(anonymous_7)
FNDA:0,(anonymous_8)
FNDA:0,(anonymous_9)
FNDA:0,(anonymous_10)
FNDA:0,(anonymous_11)
FNDA:0,(anonymous_12)
FNDA:0,(anonymous_13)
FNDA:0,(anonymous_14)
FNDA:0,(anonymous_15)
FNDA:0,(anonymous_16)
FNDA:0,(anonymous_17)
FNDA:0,(anonymous_18)
FNDA:0,(anonymous_19)
FNDA:0,(anonymous_20)
FNDA:0,RegisterPage
DA:3,0
DA:4,0
DA:5,0
DA:6,0
DA:7,0
DA:8,0
DA:9,0
DA:10,0
DA:11,0
DA:12,0
DA:13,0
DA:14,0
DA:15,0
DA:16,0
DA:17,0
DA:19,0
DA:20,0
DA:26,0
DA:33,0
DA:34,0
DA:35,0
DA:36,0
DA:37,0
DA:38,0
DA:39,0
DA:40,0
DA:42,0
DA:43,0
DA:44,0
DA:45,0
DA:49,0
DA:50,0
DA:60,0
DA:62,0
DA:64,0
DA:66,0
DA:67,0
DA:70,0
DA:73,0
DA:74,0
DA:75,0
DA:76,0
DA:80,0
DA:85,0
DA:88,0
DA:91,0
DA:93,0
DA:95,0
DA:97,0
DA:107,0
DA:111,0
DA:112,0
DA:114,0
DA:117,0
DA:122,0
DA:127,0
DA:128,0
DA:134,0
DA:171,0
DA:275,0
DA:278,0
DA:279,0
DA:280,0
DA:299,0
DA:302,0
DA:303,0
DA:304,0
DA:379,0
DA:380,0
DA:382,0
DA:383,0
DA:384,0
DA:387,0
DA:394,0
DA:412,0
DA:441,0
DA:447,0
DA:499,0
LF:78
LH:0
BRDA:44,0,0,0
BRDA:44,1,0,0
BRDA:44,1,1,0
BRDA:49,2,0,0
BRDA:73,3,0,0
BRDA:93,4,0,0
BRDA:93,4,1,0
BRDA:97,5,0,0
BRDA:97,5,1,0
BRDA:98,6,0,0
BRDA:98,6,1,0
BRDA:99,7,0,0
BRDA:99,7,1,0
BRDA:100,8,0,0
BRDA:100,8,1,0
BRDA:101,9,0,0
BRDA:101,9,1,0
BRDA:102,10,0,0
BRDA:102,10,1,0
BRDA:103,11,0,0
BRDA:103,11,1,0
BRDA:104,12,0,0
BRDA:104,12,1,0
BRDA:105,13,0,0
BRDA:105,13,1,0
BRDA:106,14,0,0
BRDA:106,14,1,0
BRDA:112,15,0,0
BRDA:112,15,1,0
BRDA:117,16,0,0
BRDA:117,16,1,0
BRDA:117,16,2,0
BRDA:117,16,3,0
BRDA:117,16,4,0
BRDA:157,17,0,0
BRDA:203,18,0,0
BRDA:220,19,0,0
BRDA:242,20,0,0
BRDA:259,21,0,0
BRDA:275,22,0,0
BRDA:275,22,1,0
BRDA:284,23,0,0
BRDA:299,24,0,0
BRDA:299,24,1,0
BRDA:309,25,0,0
BRDA:334,26,0,0
BRDA:362,27,0,0
BRDA:374,28,0,0
BRDA:374,28,1,0
BRDA:382,29,0,0
BRDA:398,30,0,0
BRDA:404,31,0,0
BRDA:409,32,0,0
BRDA:415,33,0,0
BRDA:415,33,1,0
BRDA:422,34,0,0
BRDA:422,34,1,0
BRDA:436,35,0,0
BRDA:436,35,1,0
BRDA:441,36,0,0
BRDA:441,36,1,0
BRDA:451,37,0,0
BRDA:457,38,0,0
BRDA:471,39,0,0
BRDA:471,39,1,0
BRF:65
BRH:0
end_of_record
TN:
SF:app/(auth)/verify-email/page.tsx
FN:11,VerifyEmailContent
FN:20,(anonymous_3)
FN:27,(anonymous_4)
FN:38,(anonymous_5)
FN:104,VerifyEmailPage
FNF:5
FNH:0
FNDA:0,VerifyEmailContent
FNDA:0,(anonymous_3)
FNDA:0,(anonymous_4)
FNDA:0,(anonymous_5)
FNDA:0,VerifyEmailPage
DA:3,0
DA:4,0
DA:5,0
DA:6,0
DA:7,0
DA:8,0
DA:9,0
DA:12,0
DA:13,0
DA:14,0
DA:16,0
DA:17,0
DA:18,0
DA:20,0
DA:21,0
DA:22,0
DA:23,0
DA:24,0
DA:27,0
DA:28,0
DA:31,0
DA:32,0
DA:34,0
DA:38,0
DA:39,0
DA:40,0
DA:42,0
DA:43,0
DA:104,0
LF:29
LH:0
BRDA:31,0,0,0
BRDA:31,0,1,0
BRDA:39,1,0,0
BRDA:39,1,1,0
BRDA:57,2,0,0
BRDA:66,3,0,0
BRDA:66,3,1,0
BRDA:81,4,0,0
BRDA:81,4,1,0
BRDA:81,4,2,0
BRF:10
BRH:0
end_of_record
TN:
SF:app/(dashboard)/layout.tsx
FN:11,DashboardLayout
FN:23,(anonymous_2)
FN:30,(anonymous_3)
FN:48,(anonymous_4)
FNF:4
FNH:0
FNDA:0,DashboardLayout
FNDA:0,(anonymous_2)
FNDA:0,(anonymous_3)
FNDA:0,(anonymous_4)
DA:3,0
DA:4,0
DA:5,0
DA:6,0
DA:7,0
DA:8,0
DA:9,0
DA:11,0
DA:16,0
DA:17,0
DA:20,0
DA:23,0
DA:24,0
DA:25,0
DA:30,0
DA:31,0
DA:32,0
DA:35,0
DA:40,0
DA:42,0
DA:48,0
DA:49,0
DA:53,0
DA:54,0
DA:60,0
DA:71,0
LF:26
LH:0
BRDA:24,0,0,0
BRDA:24,1,0,0
BRDA:24,1,1,0
BRDA:24,1,2,0
BRDA:31,2,0,0
BRDA:31,3,0,0
BRDA:31,3,1,0
BRDA:31,3,2,0
BRDA:35,4,0,0
BRDA:35,4,1,0
BRDA:35,4,2,0
BRDA:35,4,3,0
BRDA:35,4,4,0
BRDA:40,5,0,0
BRDA:53,6,0,0
BRDA:60,7,0,0
BRDA:60,8,0,0
BRDA:60,8,1,0
BRDA:71,9,0,0
BRDA:87,10,0,0
BRDA:87,10,1,0
BRDA:87,10,2,0
BRDA:90,11,0,0
BRDA:90,11,1,0
BRDA:90,11,2,0
BRF:25
BRH:0
end_of_record
TN:
SF:app/(dashboard)/accounts/page.tsx
FN:9,(anonymous_5)
FN:9,(anonymous_6)
FN:9,(anonymous_7)
FN:42,AccountsPage
FN:64,(anonymous_10)
FN:76,(anonymous_11)
FN:80,(anonymous_12)
FN:106,(anonymous_13)
FN:135,(anonymous_14)
FN:154,(anonymous_15)
FN:160,(anonymous_16)
FN:161,(anonymous_17)
FN:169,(anonymous_18)
FN:170,(anonymous_19)
FN:188,(anonymous_20)
FN:209,(anonymous_21)
FN:251,(anonymous_22)
FN:257,(anonymous_23)
FN:324,(anonymous_24)
FN:354,(anonymous_25)
FN:374,(anonymous_26)
FN:379,(anonymous_27)
FN:381,(anonymous_28)
FN:400,(anonymous_29)
FN:411,(anonymous_30)
FN:416,(anonymous_31)
FNF:26
FNH:0
FNDA:0,(anonymous_5)
FNDA:0,(anonymous_6)
FNDA:0,(anonymous_7)
FNDA:0,AccountsPage
FNDA:0,(anonymous_10)
FNDA:0,(anonymous_11)
FNDA:0,(anonymous_12)
FNDA:0,(anonymous_13)
FNDA:0,(anonymous_14)
FNDA:0,(anonymous_15)
FNDA:0,(anonymous_16)
FNDA:0,(anonymous_17)
FNDA:0,(anonymous_18)
FNDA:0,(anonymous_19)
FNDA:0,(anonymous_20)
FNDA:0,(anonymous_21)
FNDA:0,(anonymous_22)
FNDA:0,(anonymous_23)
FNDA:0,(anonymous_24)
FNDA:0,(anonymous_25)
FNDA:0,(anonymous_26)
FNDA:0,(anonymous_27)
FNDA:0,(anonymous_28)
FNDA:0,(anonymous_29)
FNDA:0,(anonymous_30)
FNDA:0,(anonymous_31)
DA:3,0
DA:4,0
DA:5,0
DA:6,0
DA:9,0
DA:13,0
DA:14,0
DA:15,0
DA:17,0
DA:18,0
DA:19,0
DA:20,0
DA:28,0
DA:33,0
DA:34,0
DA:42,0
DA:43,0
DA:44,0
DA:51,0
DA:54,0
DA:59,0
DA:60,0
DA:61,0
DA:64,0
DA:65,0
DA:66,0
DA:67,0
DA:70,0
DA:71,0
DA:76,0
DA:77,0
DA:79,0
DA:80,0
DA:82,0
DA:84,0
DA:88,0
DA:90,0
DA:91,0
DA:97,0
DA:100,0
DA:101,0
DA:106,0
DA:107,0
DA:109,0
DA:111,0
DA:112,0
DA:115,0
DA:117,0
DA:118,0
DA:126,0
DA:129,0
DA:130,0
DA:135,0
DA:136,0
DA:137,0
DA:139,0
DA:141,0
DA:145,0
DA:147,0
DA:149,0
DA:154,0
DA:157,0
DA:160,0
DA:161,0
DA:162,0
DA:163,0
DA:164,0
DA:169,0
DA:170,0
DA:171,0
DA:172,0
DA:173,0
DA:178,0
DA:184,0
DA:188,0
DA:189,0
DA:197,0
DA:201,0
DA:202,0
DA:204,0
DA:209,0
DA:210,0
DA:211,0
DA:213,0
DA:214,0
DA:215,0
DA:219,0
DA:220,0
DA:221,0
DA:224,0
DA:225,0
DA:229,0
DA:231,0
DA:235,0
DA:236,0
DA:237,0
DA:239,0
DA:240,0
DA:242,0
DA:245,0
DA:246,0
DA:247,0
DA:251,0
DA:252,0
DA:253,0
DA:254,0
DA:257,0
DA:258,0
DA:263,0
DA:271,0
DA:272,0
DA:275,0
DA:286,0
DA:325,0
DA:327,0
DA:354,0
DA:374,0
DA:380,0
DA:381,0
DA:383,0
DA:384,0
DA:385,0
DA:400,0
DA:411,0
DA:417,0
DA:418,0
DA:420,0
DA:421,0
DA:422,0
DA:423,0
DA:427,0
DA:429,0
DA:430,0
DA:431,0
DA:433,0
LF:135
LH:0
BRDA:65,0,0,0
BRDA:65,1,0,0
BRDA:65,1,1,0
BRDA:70,2,0,0
BRDA:82,3,0,0
BRDA:90,4,0,0
BRDA:90,4,1,0
BRDA:90,5,0,0
BRDA:90,5,1,0
BRDA:97,6,0,0
BRDA:97,6,1,0
BRDA:101,7,0,0
BRDA:101,7,1,0
BRDA:111,8,0,0
BRDA:117,9,0,0
BRDA:117,9,1,0
BRDA:117,10,0,0
BRDA:117,10,1,0
BRDA:126,11,0,0
BRDA:126,11,1,0
BRDA:130,12,0,0
BRDA:130,12,1,0
BRDA:147,13,0,0
BRDA:147,13,1,0
BRDA:162,14,0,0
BRDA:171,15,0,0
BRDA:184,16,0,0
BRDA:184,16,1,0
BRDA:184,17,0,0
BRDA:184,17,1,0
BRDA:184,17,2,0
BRDA:191,18,0,0
BRDA:191,18,1,0
BRDA:193,19,0,0
BRDA:193,19,1,0
BRDA:197,20,0,0
BRDA:197,20,1,0
BRDA:213,21,0,0
BRDA:213,21,1,0
BRDA:214,22,0,0
BRDA:219,23,0,0
BRDA:219,24,0,0
BRDA:219,24,1,0
BRDA:235,25,0,0
BRDA:235,25,1,0
BRDA:235,26,0,0
BRDA:235,26,1,0
BRDA:242,27,0,0
BRDA:242,27,1,0
BRDA:246,28,0,0
BRDA:246,28,1,0
BRDA:253,29,0,0
BRDA:253,29,1,0
BRDA:263,30,0,0
BRDA:271,31,0,0
BRDA:275,32,0,0
BRDA:275,33,0,0
BRDA:275,33,1,0
BRDA:286,34,0,0
BRDA:297,35,0,0
BRDA:297,35,1,0
BRDA:323,36,0,0
BRDA:359,37,0,0
BRDA:359,37,1,0
BRDA:377,38,0,0
BRDA:383,39,0,0
BRDA:417,40,0,0
BRDA:421,41,0,0
BRDA:433,42,0,0
BRDA:433,42,1,0
BRF:70
BRH:0
end_of_record
TN:
SF:app/(dashboard)/ai-insights/page.tsx
FN:12,AIInsightsPage
FN:17,(anonymous_2)
FN:58,(anonymous_3)
FNF:3
FNH:0
FNDA:0,AIInsightsPage
FNDA:0,(anonymous_2)
FNDA:0,(anonymous_3)
DA:3,0
DA:4,0
DA:5,0
DA:6,0
DA:7,0
DA:8,0
DA:9,0
DA:10,0
DA:12,0
DA:13,0
DA:14,0
DA:15,0
DA:17,0
DA:18,0
DA:19,0
DA:23,0
DA:58,0
LF:17
LH:0
BRDA:18,0,0,0
BRDA:18,0,1,0
BRDA:33,1,0,0
BRDA:33,1,1,0
BRDA:34,2,0,0
BRDA:34,2,1,0
BRF:6
BRH:0
end_of_record
TN:
SF:app/(dashboard)/ai-insights/components/ChartRenderer.tsx
FN:36,ChartRenderer
FN:37,(anonymous_2)
FN:52,(anonymous_3)
FN:83,(anonymous_4)
FN:88,(anonymous_5)
FN:92,(anonymous_6)
FN:110,(anonymous_7)
FN:111,(anonymous_8)
FN:135,(anonymous_9)
FN:136,(anonymous_10)
FN:155,(anonymous_11)
FN:166,(anonymous_12)
FN:168,(anonymous_13)
FNF:13
FNH:0
FNDA:0,ChartRenderer
FNDA:0,(anonymous_2)
FNDA:0,(anonymous_3)
FNDA:0,(anonymous_4)
FNDA:0,(anonymous_5)
FNDA:0,(anonymous_6)
FNDA:0,(anonymous_7)
FNDA:0,(anonymous_8)
FNDA:0,(anonymous_9)
FNDA:0,(anonymous_10)
FNDA:0,(anonymous_11)
FNDA:0,(anonymous_12)
FNDA:0,(anonymous_13)
DA:3,0
DA:18,0
DA:19,0
DA:25,0
DA:36,0
DA:37,0
DA:38,0
DA:41,0
DA:42,0
DA:50,0
DA:52,0
DA:53,0
DA:56,0
DA:59,0
DA:62,0
DA:70,0
DA:72,0
DA:83,0
DA:89,0
DA:92,0
DA:110,0
DA:111,0
DA:135,0
DA:136,0
DA:156,0
DA:167,0
DA:169,0
LF:27
LH:0
BRDA:38,0,0,0
BRDA:38,1,0,0
BRDA:38,1,1,0
BRDA:41,2,0,0
BRDA:44,3,0,0
BRDA:44,3,1,0
BRDA:45,4,0,0
BRDA:45,4,1,0
BRDA:50,5,0,0
BRDA:52,6,0,0
BRDA:52,7,0,0
BRDA:52,7,1,0
BRDA:62,8,0,0
BRDA:105,9,0,0
BRDA:105,9,1,0
BRDA:114,10,0,0
BRDA:114,10,1,0
BRDA:116,11,0,0
BRDA:116,11,1,0
BRDA:130,12,0,0
BRDA:130,12,1,0
BRDA:140,13,0,0
BRDA:140,13,1,0
BRDA:142,14,0,0
BRDA:142,14,1,0
BRDA:155,15,0,0
BRDA:155,15,1,0
BRDA:170,16,0,0
BRDA:170,16,1,0
BRDA:170,17,0,0
BRDA:170,17,1,0
BRF:31
BRH:0
end_of_record
TN:
SF:app/(dashboard)/ai-insights/components/ChatInterface.tsx
FN:17,ChatInterface
FN:26,(anonymous_2)
FN:33,(anonymous_3)
FNF:3
FNH:3
FNDA:21,ChatInterface
FNDA:3,(anonymous_2)
FNDA:5,(anonymous_3)
DA:4,1
DA:5,1
DA:6,1
DA:7,1
DA:8,1
DA:9,1
DA:10,1
DA:17,21
DA:24,21
DA:26,21
DA:27,3
DA:28,3
DA:29,2
DA:33,21
DA:34,5
DA:36,3
DA:37,3
DA:38,2
DA:39,2
DA:42,2
DA:46,21
LF:21
LH:21
BRDA:28,0,0,2
BRDA:34,1,0,3
BRDA:34,1,1,2
BRDA:37,2,0,2
BRDA:46,3,0,7
BRDA:85,4,0,14
BRDA:85,4,1,2
BRDA:92,5,0,14
BRDA:92,5,1,12
BRF:9
BRH:9
end_of_record
TN:
SF:app/(dashboard)/ai-insights/components/ConversationList.tsx
FN:60,ConversationList
FN:69,(anonymous_2)
FN:88,(anonymous_3)
FN:98,(anonymous_4)
FN:107,(anonymous_5)
FN:135,(anonymous_6)
FN:138,(anonymous_7)
FNF:7
FNH:0
FNDA:0,ConversationList
FNDA:0,(anonymous_2)
FNDA:0,(anonymous_3)
FNDA:0,(anonymous_4)
FNDA:0,(anonymous_5)
FNDA:0,(anonymous_6)
FNDA:0,(anonymous_7)
DA:3,0
DA:4,0
DA:5,0
DA:6,0
DA:7,0
DA:8,0
DA:16,0
DA:17,0
DA:27,0
DA:60,0
DA:66,0
DA:67,0
DA:69,0
DA:70,0
DA:71,0
DA:72,0
DA:88,0
DA:98,0
DA:107,0
DA:136,0
DA:138,0
LF:21
LH:0
BRDA:61,0,0,0
BRDA:71,1,0,0
BRDA:71,1,1,0
BRDA:72,2,0,0
BRDA:72,2,1,0
BRDA:96,3,0,0
BRDA:96,3,1,0
BRDA:105,4,0,0
BRDA:105,4,1,0
BRDA:120,5,0,0
BRDA:124,6,0,0
BRDA:126,7,0,0
BRDA:126,7,1,0
BRDA:128,8,0,0
BRDA:128,8,1,0
BRDA:142,9,0,0
BRDA:142,9,1,0
BRDA:148,10,0,0
BRDA:148,10,1,0
BRDA:152,11,0,0
BRDA:168,12,0,0
BRF:21
BRH:0
end_of_record
TN:
SF:app/(dashboard)/ai-insights/components/CreditBalance.tsx
FN:22,CreditBalance
FN:92,(anonymous_2)
FN:104,(anonymous_3)
FNF:3
FNH:0
FNDA:0,CreditBalance
FNDA:0,(anonymous_2)
FNDA:0,(anonymous_3)
DA:3,0
DA:4,0
DA:5,0
DA:6,0
DA:7,0
DA:8,0
DA:14,0
DA:22,0
DA:23,0
DA:25,0
DA:26,0
DA:92,0
DA:104,0
LF:13
LH:0
BRDA:22,0,0,0
BRDA:26,1,0,0
BRDA:26,1,1,0
BRDA:63,2,0,0
BRDA:82,3,0,0
BRDA:94,4,0,0
BRDA:94,4,1,0
BRF:7
BRH:0
end_of_record
TN:
SF:app/(dashboard)/ai-insights/components/CreditPurchaseModal.tsx
FN:71,CreditPurchaseModal
FN:75,(anonymous_3)
FN:80,(anonymous_4)
FN:112,(anonymous_5)
FNF:4
FNH:0
FNDA:0,CreditPurchaseModal
FNDA:0,(anonymous_3)
FNDA:0,(anonymous_4)
FNDA:0,(anonymous_5)
DA:3,0
DA:11,0
DA:12,0
DA:13,0
DA:14,0
DA:15,0
DA:16,0
DA:17,0
DA:18,0
DA:25,0
DA:71,0
DA:72,0
DA:73,0
DA:75,0
DA:76,0
DA:78,0
DA:80,0
DA:82,0
DA:84,0
DA:86,0
DA:88,0
DA:113,0
LF:22
LH:0
BRDA:136,0,0,0
BRDA:144,1,0,0
BRDA:149,2,0,0
BRDA:165,3,0,0
BRDA:165,3,1,0
BRF:5
BRH:0
end_of_record
TN:
SF:app/(dashboard)/ai-insights/components/InsightCard.tsx
FN:55,InsightCard
FN:61,(anonymous_2)
FN:89,(anonymous_3)
FN:151,(anonymous_4)
FN:171,(anonymous_5)
FN:180,(anonymous_6)
FNF:6
FNH:0
FNDA:0,InsightCard
FNDA:0,(anonymous_2)
FNDA:0,(anonymous_3)
FNDA:0,(anonymous_4)
FNDA:0,(anonymous_5)
FNDA:0,(anonymous_6)
DA:3,0
DA:4,0
DA:5,0
DA:6,0
DA:7,0
DA:19,0
DA:20,0
DA:29,0
DA:41,0
DA:48,0
DA:55,0
DA:56,0
DA:57,0
DA:59,0
DA:61,0
DA:90,0
DA:152,0
DA:171,0
DA:180,0
LF:19
LH:0
BRDA:55,0,0,0
BRDA:57,1,0,0
BRDA:57,1,1,0
BRDA:59,2,0,0
BRDA:71,3,0,0
BRDA:82,4,0,0
BRDA:85,5,0,0
BRDA:85,5,1,0
BRDA:125,6,0,0
BRDA:125,6,1,0
BRDA:127,7,0,0
BRDA:135,8,0,0
BRDA:139,9,0,0
BRDA:139,9,1,0
BRDA:147,10,0,0
BRDA:147,10,1,0
BRDA:167,11,0,0
BRDA:167,11,1,0
BRDA:167,11,2,0
BRDA:188,12,0,0
BRDA:192,13,0,0
BRF:21
BRH:0
end_of_record
TN:
SF:app/(dashboard)/ai-insights/components/InsightPreview.tsx
FN:42,InsightPreview
FN:102,(anonymous_2)
FNF:2
FNH:0
FNDA:0,InsightPreview
FNDA:0,(anonymous_2)
DA:3,0
DA:4,0
DA:14,0
DA:15,0
DA:23,0
DA:35,0
DA:42,0
DA:43,0
DA:103,0
LF:9
LH:0
BRDA:42,0,0,0
BRDA:43,1,0,0
BRDA:43,1,1,0
BRDA:48,2,0,0
BRDA:48,2,1,0
BRDA:49,3,0,0
BRDA:49,3,1,0
BRDA:50,4,0,0
BRDA:50,4,1,0
BRDA:51,5,0,0
BRDA:51,5,1,0
BRDA:52,6,0,0
BRDA:52,6,1,0
BRDA:57,7,0,0
BRDA:57,7,1,0
BRDA:58,8,0,0
BRDA:58,8,1,0
BRDA:59,9,0,0
BRDA:59,9,1,0
BRDA:60,10,0,0
BRDA:60,10,1,0
BRDA:69,11,0,0
BRDA:69,11,1,0
BRDA:77,12,0,0
BRDA:77,12,1,0
BRDA:78,13,0,0
BRDA:78,13,1,0
BRDA:79,14,0,0
BRDA:79,14,1,0
BRDA:80,15,0,0
BRDA:80,15,1,0
BRDA:86,16,0,0
BRDA:86,16,1,0
BRDA:91,17,0,0
BRDA:98,18,0,0
BRDA:98,18,1,0
BRDA:102,19,0,0
BRDA:102,19,1,0
BRDA:108,20,0,0
BRDA:108,20,1,0
BRF:40
BRH:0
end_of_record
TN:
SF:app/(dashboard)/ai-insights/components/InsightsList.tsx
FN:16,InsightsList
FN:20,(anonymous_2)
FN:21,(anonymous_3)
FN:22,(anonymous_4)
FN:23,(anonymous_5)
FN:26,(anonymous_6)
FN:29,(anonymous_7)
FN:31,(anonymous_8)
FN:33,(anonymous_9)
FN:103,(anonymous_10)
FN:109,(anonymous_11)
FN:115,(anonymous_12)
FN:132,(anonymous_13)
FNF:13
FNH:0
FNDA:0,InsightsList
FNDA:0,(anonymous_2)
FNDA:0,(anonymous_3)
FNDA:0,(anonymous_4)
FNDA:0,(anonymous_5)
FNDA:0,(anonymous_6)
FNDA:0,(anonymous_7)
FNDA:0,(anonymous_8)
FNDA:0,(anonymous_9)
FNDA:0,(anonymous_10)
FNDA:0,(anonymous_11)
FNDA:0,(anonymous_12)
FNDA:0,(anonymous_13)
DA:3,0
DA:4,0
DA:6,0
DA:7,0
DA:8,0
DA:16,0
DA:17,0
DA:20,0
DA:21,0
DA:22,0
DA:23,0
DA:26,0
DA:27,0
DA:29,0
DA:31,0
DA:33,0
DA:35,0
DA:37,0
DA:41,0
DA:43,0
DA:54,0
DA:103,0
DA:109,0
DA:115,0
DA:133,0
LF:25
LH:0
BRDA:27,0,0,0
BRDA:27,0,1,0
BRDA:27,0,2,0
BRDA:27,0,3,0
BRDA:27,0,4,0
BRDA:29,1,0,0
BRDA:29,1,1,0
BRDA:29,1,2,0
BRDA:31,2,0,0
BRDA:31,2,1,0
BRDA:31,2,2,0
BRDA:33,3,0,0
BRDA:33,3,1,0
BRDA:43,4,0,0
BRDA:54,5,0,0
BRDA:84,6,0,0
BRDA:84,6,1,0
BRDA:103,7,0,0
BRDA:103,7,1,0
BRDA:109,8,0,0
BRDA:109,8,1,0
BRDA:115,9,0,0
BRDA:115,9,1,0
BRDA:127,10,0,0
BRDA:127,10,1,0
BRF:25
BRH:0
end_of_record
TN:
SF:app/(dashboard)/ai-insights/components/MessageInput.tsx
FN:13,MessageInput
FN:17,(anonymous_2)
FN:26,(anonymous_3)
FN:39,(anonymous_4)
FNF:4
FNH:0
FNDA:0,MessageInput
FNDA:0,(anonymous_2)
FNDA:0,(anonymous_3)
FNDA:0,(anonymous_4)
DA:3,0
DA:4,0
DA:5,0
DA:6,0
DA:13,0
DA:14,0
DA:15,0
DA:17,0
DA:18,0
DA:19,0
DA:20,0
DA:21,0
DA:22,0
DA:26,0
DA:27,0
DA:28,0
DA:29,0
DA:39,0
LF:18
LH:0
BRDA:19,0,0,0
BRDA:19,1,0,0
BRDA:19,1,1,0
BRDA:27,2,0,0
BRDA:27,3,0,0
BRDA:27,3,1,0
BRDA:62,4,0,0
BRDA:62,4,1,0
BRF:8
BRH:0
end_of_record
TN:
SF:app/(dashboard)/ai-insights/components/MessageItem.tsx
FN:18,MessageItem
FN:22,(anonymous_2)
FN:25,(anonymous_3)
FN:28,(anonymous_4)
FN:89,(anonymous_5)
FN:101,(anonymous_6)
FN:112,(anonymous_7)
FNF:7
FNH:0
FNDA:0,MessageItem
FNDA:0,(anonymous_2)
FNDA:0,(anonymous_3)
FNDA:0,(anonymous_4)
FNDA:0,(anonymous_5)
FNDA:0,(anonymous_6)
FNDA:0,(anonymous_7)
DA:3,0
DA:4,0
DA:5,0
DA:7,0
DA:8,0
DA:9,0
DA:10,0
DA:11,0
DA:12,0
DA:18,0
DA:19,0
DA:20,0
DA:22,0
DA:23,0
DA:24,0
DA:25,0
DA:28,0
DA:29,0
DA:33,0
DA:90,0
DA:101,0
DA:112,0
LF:22
LH:0
BRDA:39,0,0,0
BRDA:39,0,1,0
BRDA:43,1,0,0
BRDA:49,2,0,0
BRDA:49,2,1,0
BRDA:54,3,0,0
BRDA:54,3,1,0
BRDA:65,4,0,0
BRDA:65,4,1,0
BRDA:73,5,0,0
BRDA:80,6,0,0
BRDA:87,7,0,0
BRDA:87,7,1,0
BRDA:96,8,0,0
BRDA:104,9,0,0
BRDA:104,9,1,0
BRDA:115,10,0,0
BRDA:115,10,1,0
BRDA:127,11,0,0
BRDA:137,12,0,0
BRF:20
BRH:0
end_of_record
TN:
SF:app/(dashboard)/ai-insights/components/MessageList.tsx
FN:13,MessageList
FN:17,(anonymous_2)
FN:55,(anonymous_3)
FNF:3
FNH:0
FNDA:0,MessageList
FNDA:0,(anonymous_2)
FNDA:0,(anonymous_3)
DA:3,0
DA:4,0
DA:6,0
DA:13,0
DA:14,0
DA:17,0
DA:18,0
DA:21,0
DA:32,0
DA:56,0
LF:10
LH:0
BRDA:21,0,0,0
BRDA:21,1,0,0
BRDA:21,1,1,0
BRDA:32,2,0,0
BRF:4
BRH:0
end_of_record
TN:
SF:app/(dashboard)/ai-insights/components/QuickActions.tsx
FN:56,QuickActions
FN:61,(anonymous_2)
FN:68,(anonymous_3)
FNF:3
FNH:0
FNDA:0,QuickActions
FNDA:0,(anonymous_2)
FNDA:0,(anonymous_3)
DA:3,0
DA:11,0
DA:17,0
DA:56,0
DA:62,0
DA:63,0
DA:68,0
LF:7
LH:0
BRF:0
BRH:0
end_of_record
TN:
SF:app/(dashboard)/ai-insights/components/TypingIndicator.tsx
FN:3,TypingIndicator
FNF:1
FNH:0
FNDA:0,TypingIndicator
DA:3,0
LF:1
LH:0
BRF:0
BRH:0
end_of_record
TN:
SF:app/(dashboard)/ai-insights/hooks/useChat.ts
FN:8,useChat
FN:22,(anonymous_3)
FN:40,(anonymous_4)
FN:71,(anonymous_5)
FN:98,(anonymous_6)
FN:101,(anonymous_7)
FN:104,(anonymous_8)
FN:110,(anonymous_9)
FN:128,(anonymous_10)
FN:150,(anonymous_11)
FN:161,(anonymous_12)
FN:161,(anonymous_13)
FN:167,(anonymous_14)
FN:180,(anonymous_15)
FN:190,(anonymous_16)
FN:200,(anonymous_17)
FN:209,(anonymous_18)
FN:210,(anonymous_19)
FNF:18
FNH:17
FNDA:87,useChat
FNDA:8,(anonymous_3)
FNDA:2,(anonymous_4)
FNDA:0,(anonymous_5)
FNDA:1,(anonymous_6)
FNDA:1,(anonymous_7)
FNDA:1,(anonymous_8)
FNDA:32,(anonymous_9)
FNDA:5,(anonymous_10)
FNDA:3,(anonymous_11)
FNDA:1,(anonymous_12)
FNDA:1,(anonymous_13)
FNDA:2,(anonymous_14)
FNDA:2,(anonymous_15)
FNDA:1,(anonymous_16)
FNDA:35,(anonymous_17)
FNDA:35,(anonymous_18)
FNDA:35,(anonymous_19)
DA:1,2
DA:3,2
DA:4,2
DA:5,2
DA:6,2
DA:8,88
DA:9,87
DA:10,87
DA:11,87
DA:12,87
DA:14,87
DA:17,87
DA:22,87
DA:23,8
DA:24,8
DA:27,1
DA:30,2
DA:31,2
DA:40,2
DA:41,2
DA:44,2
DA:45,1
DA:47,2
DA:50,1
DA:51,1
DA:52,1
DA:55,3
DA:56,3
DA:57,3
DA:59,3
DA:60,1
DA:61,2
DA:62,1
DA:64,1
DA:66,3
DA:70,0
DA:71,0
DA:73,0
DA:78,0
DA:81,0
DA:82,0
DA:95,87
DA:99,1
DA:102,1
DA:105,1
DA:110,87
DA:111,32
DA:113,32
DA:114,32
DA:116,32
DA:117,32
DA:118,3
DA:120,29
DA:121,29
DA:123,32
DA:128,87
DA:129,5
DA:131,5
DA:132,1
DA:133,1
DA:136,4
DA:137,1
DA:138,1
DA:139,1
DA:143,3
DA:150,3
DA:151,3
DA:154,3
DA:159,3
DA:161,1
DA:162,1
DA:167,87
DA:168,2
DA:169,2
DA:172,1
DA:174,1
DA:175,1
DA:180,87
DA:181,2
DA:182,1
DA:190,87
DA:191,1
DA:192,1
DA:200,87
DA:201,35
DA:202,32
DA:204,3
DA:209,87
DA:210,35
DA:211,35
DA:215,87
LF:91
LH:85
BRDA:17,0,0,81
BRDA:17,0,1,6
BRDA:18,1,0,81
BRDA:18,1,1,0
BRDA:24,2,0,1
BRDA:24,2,1,2
BRDA:24,2,2,1
BRDA:24,2,3,3
BRDA:24,2,4,0
BRDA:24,2,5,0
BRDA:44,3,0,1
BRDA:59,4,0,1
BRDA:59,4,1,2
BRDA:61,5,0,1
BRDA:61,5,1,1
BRDA:64,6,0,1
BRDA:64,6,1,0
BRDA:70,7,0,0
BRDA:70,8,0,0
BRDA:70,8,1,0
BRDA:96,9,0,87
BRDA:96,9,1,6
BRDA:111,10,0,0
BRDA:129,11,0,5
BRDA:129,11,1,4
BRDA:131,12,0,1
BRDA:136,13,0,1
BRDA:136,14,0,4
BRDA:136,14,1,1
BRDA:159,15,0,1
BRDA:181,16,0,1
BRDA:191,17,0,1
BRDA:201,18,0,32
BRDA:201,18,1,3
BRF:34
BRH:26
end_of_record
TN:
SF:app/(dashboard)/ai-insights/hooks/useCredits.ts
FN:6,useCredits
FN:11,(anonymous_3)
FN:26,(anonymous_4)
FN:46,(anonymous_5)
FNF:4
FNH:0
FNDA:0,useCredits
FNDA:0,(anonymous_3)
FNDA:0,(anonymous_4)
FNDA:0,(anonymous_5)
DA:1,0
DA:3,0
DA:4,0
DA:6,0
DA:7,0
DA:8,0
DA:9,0
DA:11,0
DA:12,0
DA:13,0
DA:14,0
DA:15,0
DA:16,0
DA:19,0
DA:20,0
DA:22,0
DA:26,0
DA:27,0
DA:28,0
DA:34,0
DA:36,0
DA:38,0
DA:41,0
DA:42,0
DA:46,0
DA:47,0
DA:50,0
LF:27
LH:0
BRF:0
BRH:0
end_of_record
TN:
SF:app/(dashboard)/ai-insights/hooks/useInsights.ts
FN:12,useInsights
FN:17,(anonymous_3)
FN:32,(anonymous_4)
FN:37,(anonymous_5)
FN:37,(anonymous_6)
FN:47,(anonymous_7)
FN:56,(anonymous_8)
FN:56,(anonymous_9)
FN:76,(anonymous_10)
FN:81,(anonymous_11)
FN:81,(anonymous_12)
FN:94,(anonymous_13)
FNF:12
FNH:0
FNDA:0,useInsights
FNDA:0,(anonymous_3)
FNDA:0,(anonymous_4)
FNDA:0,(anonymous_5)
FNDA:0,(anonymous_6)
FNDA:0,(anonymous_7)
FNDA:0,(anonymous_8)
FNDA:0,(anonymous_9)
FNDA:0,(anonymous_10)
FNDA:0,(anonymous_11)
FNDA:0,(anonymous_12)
FNDA:0,(anonymous_13)
DA:1,0
DA:3,0
DA:4,0
DA:12,0
DA:13,0
DA:14,0
DA:15,0
DA:17,0
DA:18,0
DA:19,0
DA:20,0
DA:21,0
DA:22,0
DA:25,0
DA:26,0
DA:28,0
DA:32,0
DA:33,0
DA:34,0
DA:37,0
DA:38,0
DA:47,0
DA:52,0
DA:53,0
DA:56,0
DA:57,0
DA:69,0
DA:72,0
DA:76,0
DA:77,0
DA:78,0
DA:81,0
DA:82,0
DA:87,0
DA:90,0
DA:94,0
DA:95,0
DA:98,0
LF:38
LH:0
BRDA:12,0,0,0
BRDA:38,1,0,0
BRDA:38,1,1,0
BRDA:57,2,0,0
BRDA:57,2,1,0
BRDA:82,3,0,0
BRDA:82,3,1,0
BRF:7
BRH:0
end_of_record
TN:
SF:app/(dashboard)/ai-insights/hooks/useSecureWebSocket.ts
FN:24,useSecureWebSocket
FN:54,(anonymous_3)
FN:59,(anonymous_4)
FN:66,(anonymous_5)
FN:73,(anonymous_6)
FN:78,(anonymous_7)
FN:84,(anonymous_8)
FN:92,(anonymous_9)
FN:95,(anonymous_10)
FN:107,(anonymous_11)
FN:117,(anonymous_12)
FN:122,(anonymous_13)
FN:124,(anonymous_14)
FN:140,(anonymous_15)
FN:156,(anonymous_16)
FN:158,(anonymous_17)
FN:165,(anonymous_18)
FN:167,(anonymous_19)
FN:200,(anonymous_20)
FN:205,(anonymous_21)
FN:217,(anonymous_22)
FN:236,(anonymous_23)
FN:256,(anonymous_24)
FN:265,(anonymous_25)
FN:294,(anonymous_26)
FN:299,(anonymous_27)
FN:305,(anonymous_28)
FN:306,(anonymous_29)
FN:313,(anonymous_30)
FN:315,(anonymous_31)
FN:321,(anonymous_32)
FNF:31
FNH:0
FNDA:0,useSecureWebSocket
FNDA:0,(anonymous_3)
FNDA:0,(anonymous_4)
FNDA:0,(anonymous_5)
FNDA:0,(anonymous_6)
FNDA:0,(anonymous_7)
FNDA:0,(anonymous_8)
FNDA:0,(anonymous_9)
FNDA:0,(anonymous_10)
FNDA:0,(anonymous_11)
FNDA:0,(anonymous_12)
FNDA:0,(anonymous_13)
FNDA:0,(anonymous_14)
FNDA:0,(anonymous_15)
FNDA:0,(anonymous_16)
FNDA:0,(anonymous_17)
FNDA:0,(anonymous_18)
FNDA:0,(anonymous_19)
FNDA:0,(anonymous_20)
FNDA:0,(anonymous_21)
FNDA:0,(anonymous_22)
FNDA:0,(anonymous_23)
FNDA:0,(anonymous_24)
FNDA:0,(anonymous_25)
FNDA:0,(anonymous_26)
FNDA:0,(anonymous_27)
FNDA:0,(anonymous_28)
FNDA:0,(anonymous_29)
FNDA:0,(anonymous_30)
FNDA:0,(anonymous_31)
FNDA:0,(anonymous_32)
DA:1,2
DA:2,2
DA:3,2
DA:24,1
DA:35,0
DA:37,0
DA:44,0
DA:45,0
DA:46,0
DA:47,0
DA:48,0
DA:49,0
DA:51,0
DA:54,0
DA:55,0
DA:56,0
DA:59,0
DA:61,0
DA:66,0
DA:67,0
DA:68,0
DA:73,0
DA:74,0
DA:75,0
DA:78,0
DA:79,0
DA:84,0
DA:85,0
DA:86,0
DA:87,0
DA:92,0
DA:93,0
DA:94,0
DA:95,0
DA:96,0
DA:100,0
DA:101,0
DA:103,0
DA:107,0
DA:108,0
DA:109,0
DA:112,0
DA:113,0
DA:114,0
DA:117,0
DA:119,0
DA:120,0
DA:122,0
DA:124,0
DA:131,0
DA:134,0
DA:135,0
DA:137,0
DA:140,0
DA:141,0
DA:142,0
DA:143,0
DA:146,0
DA:147,0
DA:150,0
DA:156,0
DA:158,0
DA:162,0
DA:165,0
DA:167,0
DA:173,0
DA:174,0
DA:177,0
DA:180,0
DA:181,0
DA:183,0
DA:184,0
DA:185,0
DA:187,0
DA:188,0
DA:189,0
DA:192,0
DA:193,0
DA:194,0
DA:200,0
DA:205,0
DA:206,0
DA:211,0
DA:214,0
DA:217,0
DA:236,0
DA:237,0
DA:239,0
DA:240,0
DA:241,0
DA:244,0
DA:245,0
DA:246,0
DA:249,0
DA:251,0
DA:252,0
DA:253,0
DA:256,0
DA:265,0
DA:266,0
DA:268,0
DA:269,0
DA:270,0
DA:273,0
DA:275,0
DA:278,0
DA:279,0
DA:280,0
DA:281,0
DA:284,0
DA:285,0
DA:288,0
DA:289,0
DA:294,0
DA:295,0
DA:296,0
DA:299,0
DA:300,0
DA:305,0
DA:306,0
DA:307,0
DA:309,0
DA:313,0
DA:315,0
DA:318,0
DA:319,0
DA:321,0
DA:322,0
DA:323,0
DA:327,0
LF:130
LH:4
BRDA:31,0,0,0
BRDA:32,1,0,0
BRDA:33,2,0,0
BRDA:34,3,0,0
BRDA:55,4,0,0
BRDA:67,5,0,0
BRDA:74,6,0,0
BRDA:85,7,0,0
BRDA:94,8,0,0
BRDA:108,9,0,0
BRDA:108,10,0,0
BRDA:108,10,1,0
BRDA:113,11,0,0
BRDA:146,12,0,0
BRDA:177,13,0,0
BRDA:177,13,1,0
BRDA:177,13,2,0
BRDA:177,13,3,0
BRDA:177,13,4,0
BRDA:192,14,0,0
BRDA:192,15,0,0
BRDA:192,15,1,0
BRDA:236,16,0,0
BRDA:236,17,0,0
BRDA:239,18,0,0
BRDA:244,19,0,0
BRDA:251,20,0,0
BRDA:266,21,0,0
BRDA:279,22,0,0
BRDA:295,23,0,0
BRDA:307,24,0,0
BRDA:307,25,0,0
BRDA:307,25,1,0
BRDA:307,25,2,0
BRDA:307,25,3,0
BRF:35
BRH:0
end_of_record
TN:
SF:app/(dashboard)/ai-insights/services/ai-insights.service.ts
FN:19,(anonymous_2)
FN:23,(anonymous_3)
FN:31,(anonymous_4)
FN:36,(anonymous_5)
FN:45,(anonymous_6)
FN:49,(anonymous_7)
FN:53,(anonymous_8)
FN:57,(anonymous_9)
FN:61,(anonymous_10)
FN:66,(anonymous_11)
FN:74,(anonymous_12)
FN:84,(anonymous_13)
FN:92,(anonymous_14)
FN:103,(anonymous_15)
FN:107,(anonymous_16)
FN:112,(anonymous_17)
FN:130,(anonymous_18)
FN:134,(anonymous_19)
FN:138,(anonymous_20)
FN:143,(anonymous_21)
FN:157,(anonymous_22)
FN:180,(anonymous_23)
FN:197,(anonymous_24)
FNF:23
FNH:23
FNDA:3,(anonymous_2)
FNDA:2,(anonymous_3)
FNDA:1,(anonymous_4)
FNDA:1,(anonymous_5)
FNDA:1,(anonymous_6)
FNDA:1,(anonymous_7)
FNDA:1,(anonymous_8)
FNDA:1,(anonymous_9)
FNDA:1,(anonymous_10)
FNDA:3,(anonymous_11)
FNDA:1,(anonymous_12)
FNDA:1,(anonymous_13)
FNDA:3,(anonymous_14)
FNDA:1,(anonymous_15)
FNDA:1,(anonymous_16)
FNDA:1,(anonymous_17)
FNDA:1,(anonymous_18)
FNDA:1,(anonymous_19)
FNDA:2,(anonymous_20)
FNDA:1,(anonymous_21)
FNDA:1,(anonymous_22)
FNDA:1,(anonymous_23)
FNDA:1,(anonymous_24)
DA:1,3
DA:16,3
DA:20,3
DA:28,2
DA:32,1
DA:42,1
DA:46,1
DA:50,1
DA:54,1
DA:58,1
DA:62,1
DA:70,3
DA:71,3
DA:78,1
DA:88,1
DA:99,3
DA:100,3
DA:104,1
DA:108,1
DA:109,1
DA:120,1
DA:131,1
DA:135,1
DA:139,2
DA:149,1
DA:170,1
DA:189,1
DA:206,1
DA:215,32
LF:29
LH:29
BRDA:71,0,0,3
BRDA:71,0,1,2
BRDA:71,0,2,1
BRDA:100,1,0,3
BRDA:100,1,1,2
BRDA:100,1,2,1
BRDA:109,2,0,1
BRDA:109,2,1,0
BRDA:109,2,2,0
BRF:9
BRH:7
end_of_record
TN:
SF:app/(dashboard)/categories/page.tsx
FN:53,CategoriesPage
FN:63,(anonymous_2)
FN:69,(anonymous_3)
FN:70,(anonymous_4)
FN:75,(anonymous_5)
FN:81,(anonymous_6)
FN:83,(anonymous_7)
FN:88,(anonymous_8)
FN:94,(anonymous_9)
FN:95,(anonymous_10)
FN:100,(anonymous_11)
FN:119,(anonymous_12)
FN:120,(anonymous_13)
FN:122,(anonymous_14)
FN:148,(anonymous_15)
FN:160,(anonymous_16)
FN:172,(anonymous_17)
FN:188,(anonymous_18)
FN:206,(anonymous_19)
FN:216,(anonymous_20)
FN:240,(anonymous_21)
FN:249,(anonymous_22)
FN:259,(anonymous_23)
FN:269,(anonymous_24)
FN:296,(anonymous_25)
FN:313,(anonymous_26)
FN:323,(anonymous_27)
FN:335,(anonymous_28)
FN:351,(anonymous_29)
FN:375,(anonymous_30)
FN:381,(anonymous_31)
FN:387,(anonymous_32)
FN:398,(anonymous_33)
FN:401,(anonymous_34)
FN:408,(anonymous_35)
FN:420,(anonymous_36)
FN:426,(anonymous_37)
FNF:37
FNH:0
FNDA:0,CategoriesPage
FNDA:0,(anonymous_2)
FNDA:0,(anonymous_3)
FNDA:0,(anonymous_4)
FNDA:0,(anonymous_5)
FNDA:0,(anonymous_6)
FNDA:0,(anonymous_7)
FNDA:0,(anonymous_8)
FNDA:0,(anonymous_9)
FNDA:0,(anonymous_10)
FNDA:0,(anonymous_11)
FNDA:0,(anonymous_12)
FNDA:0,(anonymous_13)
FNDA:0,(anonymous_14)
FNDA:0,(anonymous_15)
FNDA:0,(anonymous_16)
FNDA:0,(anonymous_17)
FNDA:0,(anonymous_18)
FNDA:0,(anonymous_19)
FNDA:0,(anonymous_20)
FNDA:0,(anonymous_21)
FNDA:0,(anonymous_22)
FNDA:0,(anonymous_23)
FNDA:0,(anonymous_24)
FNDA:0,(anonymous_25)
FNDA:0,(anonymous_26)
FNDA:0,(anonymous_27)
FNDA:0,(anonymous_28)
FNDA:0,(anonymous_29)
FNDA:0,(anonymous_30)
FNDA:0,(anonymous_31)
FNDA:0,(anonymous_32)
FNDA:0,(anonymous_33)
FNDA:0,(anonymous_34)
FNDA:0,(anonymous_35)
FNDA:0,(anonymous_36)
FNDA:0,(anonymous_37)
DA:3,0
DA:4,0
DA:5,0
DA:6,0
DA:7,0
DA:8,0
DA:9,0
DA:10,0
DA:11,0
DA:12,0
DA:13,0
DA:23,0
DA:31,0
DA:38,0
DA:39,0
DA:41,0
DA:48,0
DA:53,0
DA:54,0
DA:55,0
DA:56,0
DA:57,0
DA:58,0
DA:59,0
DA:61,0
DA:63,0
DA:68,0
DA:69,0
DA:71,0
DA:72,0
DA:73,0
DA:76,0
DA:80,0
DA:82,0
DA:84,0
DA:85,0
DA:86,0
DA:89,0
DA:93,0
DA:94,0
DA:96,0
DA:97,0
DA:98,0
DA:101,0
DA:107,0
DA:115,0
DA:119,0
DA:120,0
DA:122,0
DA:149,0
DA:150,0
DA:151,0
DA:160,0
DA:172,0
DA:181,0
DA:189,0
DA:190,0
DA:206,0
DA:216,0
DA:241,0
DA:249,0
DA:260,0
DA:269,0
DA:296,0
DA:314,0
DA:323,0
DA:336,0
DA:352,0
DA:377,0
DA:378,0
DA:379,0
DA:381,0
DA:387,0
DA:399,0
DA:401,0
DA:408,0
DA:420,0
DA:427,0
DA:428,0
LF:79
LH:0
BRDA:76,0,0,0
BRDA:76,0,1,0
BRDA:89,1,0,0
BRDA:89,1,1,0
BRDA:101,2,0,0
BRDA:101,2,1,0
BRDA:107,3,0,0
BRDA:115,4,0,0
BRDA:119,5,0,0
BRDA:119,5,1,0
BRDA:120,6,0,0
BRDA:120,6,1,0
BRDA:130,7,0,0
BRDA:130,7,1,0
BRDA:132,8,0,0
BRDA:132,8,1,0
BRDA:136,9,0,0
BRDA:143,10,0,0
BRDA:150,11,0,0
BRDA:150,11,1,0
BRDA:151,12,0,0
BRDA:151,12,1,0
BRDA:182,13,0,0
BRDA:182,13,1,0
BRDA:183,14,0,0
BRDA:183,14,1,0
BRDA:245,15,0,0
BRDA:245,15,1,0
BRDA:264,16,0,0
BRDA:264,16,1,0
BRDA:280,17,0,0
BRDA:280,17,1,0
BRDA:312,18,0,0
BRDA:311,19,0,0
BRDA:311,19,1,0
BRDA:334,20,0,0
BRDA:350,21,0,0
BRDA:395,22,0,0
BRDA:427,23,0,0
BRDA:433,24,0,0
BRDA:433,24,1,0
BRF:41
BRH:0
end_of_record
TN:
SF:app/(dashboard)/dashboard/layout.tsx
FN:1,DashboardLayout
FNF:1
FNH:0
FNDA:0,DashboardLayout
DA:1,0
LF:1
LH:0
BRF:0
BRH:0
end_of_record
TN:
SF:app/(dashboard)/dashboard/page.tsx
FN:131,DashboardPage
FN:142,(anonymous_6)
FN:147,(anonymous_7)
FN:158,(anonymous_8)
FN:169,(anonymous_9)
FN:170,(anonymous_10)
FN:176,(anonymous_11)
FN:179,(anonymous_12)
FN:190,(anonymous_13)
FN:328,(anonymous_14)
FN:365,(anonymous_15)
FN:408,(anonymous_16)
FN:488,(anonymous_17)
FNF:13
FNH:0
FNDA:0,DashboardPage
FNDA:0,(anonymous_6)
FNDA:0,(anonymous_7)
FNDA:0,(anonymous_8)
FNDA:0,(anonymous_9)
FNDA:0,(anonymous_10)
FNDA:0,(anonymous_11)
FNDA:0,(anonymous_12)
FNDA:0,(anonymous_13)
FNDA:0,(anonymous_14)
FNDA:0,(anonymous_15)
FNDA:0,(anonymous_16)
FNDA:0,(anonymous_17)
DA:3,0
DA:4,0
DA:5,0
DA:6,0
DA:7,0
DA:8,0
DA:9,0
DA:10,0
DA:11,0
DA:12,0
DA:13,0
DA:14,0
DA:24,0
DA:25,0
DA:26,0
DA:131,0
DA:132,0
DA:133,0
DA:134,0
DA:135,0
DA:136,0
DA:137,0
DA:140,0
DA:142,0
DA:143,0
DA:144,0
DA:145,0
DA:147,0
DA:148,0
DA:149,0
DA:151,0
DA:152,0
DA:154,0
DA:158,0
DA:159,0
DA:160,0
DA:161,0
DA:164,0
DA:165,0
DA:169,0
DA:170,0
DA:171,0
DA:172,0
DA:175,0
DA:176,0
DA:179,0
DA:180,0
DA:190,0
DA:191,0
DA:201,0
DA:209,0
DA:217,0
DA:218,0
DA:329,0
DA:366,0
DA:409,0
DA:489,0
LF:57
LH:0
BRDA:159,0,0,0
BRDA:180,1,0,0
BRDA:180,1,1,0
BRDA:201,2,0,0
BRDA:209,3,0,0
BRDA:217,4,0,0
BRDA:228,5,0,0
BRDA:228,5,1,0
BRDA:248,6,0,0
BRDA:248,6,1,0
BRDA:248,7,0,0
BRDA:248,7,1,0
BRDA:262,8,0,0
BRDA:266,9,0,0
BRDA:266,9,1,0
BRDA:285,10,0,0
BRDA:289,11,0,0
BRDA:289,11,1,0
BRDA:306,12,0,0
BRDA:306,12,1,0
BRDA:318,13,0,0
BRDA:326,14,0,0
BRDA:326,14,1,0
BRDA:332,15,0,0
BRDA:332,15,1,0
BRDA:334,16,0,0
BRDA:334,16,1,0
BRDA:340,17,0,0
BRDA:340,17,1,0
BRDA:342,18,0,0
BRDA:342,18,1,0
BRDA:365,19,0,0
BRDA:372,20,0,0
BRDA:372,20,1,0
BRDA:378,21,0,0
BRDA:378,21,1,0
BRDA:408,22,0,0
BRDA:411,23,0,0
BRDA:411,23,1,0
BRDA:440,24,0,0
BRDA:440,24,1,0
BRDA:440,25,0,0
BRDA:440,25,1,0
BRDA:481,26,0,0
BRDA:481,26,1,0
BRF:45
BRH:0
end_of_record
TN:
SF:app/(dashboard)/reports/page.tsx
FN:70,ReportsPageContent
FN:94,(anonymous_2)
FN:101,(anonymous_3)
FN:108,(anonymous_4)
FN:115,(anonymous_5)
FN:117,(anonymous_6)
FN:126,(anonymous_7)
FN:132,(anonymous_8)
FN:133,(anonymous_9)
FN:134,(anonymous_10)
FN:147,(anonymous_11)
FN:154,(anonymous_12)
FN:165,(anonymous_13)
FN:206,(anonymous_14)
FN:213,(anonymous_15)
FN:305,(anonymous_16)
FN:316,(anonymous_17)
FN:331,(anonymous_18)
FN:340,(anonymous_19)
FN:347,(anonymous_20)
FN:365,(anonymous_21)
FN:372,(anonymous_22)
FN:384,(anonymous_23)
FN:391,(anonymous_24)
FN:430,(anonymous_25)
FN:477,(anonymous_26)
FN:510,ReportsPage
FNF:27
FNH:0
FNDA:0,ReportsPageContent
FNDA:0,(anonymous_2)
FNDA:0,(anonymous_3)
FNDA:0,(anonymous_4)
FNDA:0,(anonymous_5)
FNDA:0,(anonymous_6)
FNDA:0,(anonymous_7)
FNDA:0,(anonymous_8)
FNDA:0,(anonymous_9)
FNDA:0,(anonymous_10)
FNDA:0,(anonymous_11)
FNDA:0,(anonymous_12)
FNDA:0,(anonymous_13)
FNDA:0,(anonymous_14)
FNDA:0,(anonymous_15)
FNDA:0,(anonymous_16)
FNDA:0,(anonymous_17)
FNDA:0,(anonymous_18)
FNDA:0,(anonymous_19)
FNDA:0,(anonymous_20)
FNDA:0,(anonymous_21)
FNDA:0,(anonymous_22)
FNDA:0,(anonymous_23)
FNDA:0,(anonymous_24)
FNDA:0,(anonymous_25)
FNDA:0,(anonymous_26)
FNDA:0,ReportsPage
DA:3,0
DA:4,0
DA:5,0
DA:6,0
DA:7,0
DA:8,0
DA:9,0
DA:10,0
DA:11,0
DA:12,0
DA:13,0
DA:14,0
DA:16,0
DA:34,0
DA:41,0
DA:42,0
DA:43,0
DA:44,0
DA:45,0
DA:46,0
DA:48,0
DA:55,0
DA:71,0
DA:83,0
DA:86,0
DA:87,0
DA:88,0
DA:89,0
DA:92,0
DA:94,0
DA:99,0
DA:101,0
DA:106,0
DA:108,0
DA:114,0
DA:116,0
DA:118,0
DA:119,0
DA:122,0
DA:123,0
DA:127,0
DA:131,0
DA:132,0
DA:134,0
DA:135,0
DA:136,0
DA:137,0
DA:138,0
DA:139,0
DA:140,0
DA:141,0
DA:142,0
DA:143,0
DA:144,0
DA:148,0
DA:154,0
DA:155,0
DA:156,0
DA:157,0
DA:160,0
DA:165,0
DA:170,0
DA:177,0
DA:185,0
DA:207,0
DA:208,0
DA:214,0
DA:215,0
DA:306,0
DA:307,0
DA:316,0
DA:332,0
DA:341,0
DA:347,0
DA:365,0
DA:373,0
DA:384,0
DA:392,0
DA:431,0
DA:477,0
DA:510,0
LF:81
LH:0
BRDA:122,0,0,0
BRDA:122,1,0,0
BRDA:122,1,1,0
BRDA:127,2,0,0
BRDA:127,2,1,0
BRDA:135,3,0,0
BRDA:139,4,0,0
BRDA:139,4,1,0
BRDA:139,5,0,0
BRDA:139,5,1,0
BRDA:155,6,0,0
BRDA:155,7,0,0
BRDA:155,7,1,0
BRDA:163,8,0,0
BRDA:163,8,1,0
BRDA:164,9,0,0
BRDA:164,9,1,0
BRDA:177,10,0,0
BRDA:185,11,0,0
BRDA:312,12,0,0
BRDA:312,12,1,0
BRDA:330,13,0,0
BRDA:330,13,1,0
BRDA:332,14,0,0
BRDA:332,14,1,0
BRDA:339,15,0,0
BRDA:339,15,1,0
BRDA:341,16,0,0
BRDA:341,16,1,0
BRDA:364,17,0,0
BRDA:364,17,1,0
BRDA:365,18,0,0
BRDA:365,18,1,0
BRDA:374,19,0,0
BRDA:374,19,1,0
BRDA:374,19,2,0
BRDA:383,20,0,0
BRDA:383,20,1,0
BRDA:384,21,0,0
BRDA:384,21,1,0
BRDA:409,22,0,0
BRDA:429,23,0,0
BRDA:428,24,0,0
BRDA:428,24,1,0
BRDA:451,25,0,0
BRDA:456,26,0,0
BRDA:467,27,0,0
BRDA:473,28,0,0
BRDA:484,29,0,0
BRDA:484,29,1,0
BRF:50
BRH:0
end_of_record
TN:
SF:app/(dashboard)/settings/page.tsx
FN:83,SettingsPage
FN:134,(anonymous_3)
FN:139,(anonymous_4)
FN:140,(anonymous_5)
FN:148,(anonymous_6)
FN:154,(anonymous_7)
FN:160,(anonymous_8)
FN:161,(anonymous_9)
FN:165,(anonymous_10)
FN:171,(anonymous_11)
FN:173,(anonymous_12)
FN:177,(anonymous_13)
FN:183,(anonymous_14)
FN:184,(anonymous_15)
FN:188,(anonymous_16)
FN:194,(anonymous_17)
FN:195,(anonymous_18)
FN:212,(anonymous_19)
FN:218,(anonymous_20)
FN:219,(anonymous_21)
FN:228,(anonymous_22)
FN:235,(anonymous_23)
FN:240,(anonymous_24)
FN:247,(anonymous_25)
FN:252,(anonymous_26)
FN:258,(anonymous_27)
FN:259,(anonymous_28)
FN:267,(anonymous_29)
FN:272,(anonymous_30)
FN:276,(anonymous_31)
FN:287,(anonymous_32)
FN:291,(anonymous_33)
FN:406,(anonymous_34)
FN:430,(anonymous_35)
FN:451,(anonymous_36)
FN:505,(anonymous_37)
FN:517,(anonymous_38)
FN:590,(anonymous_39)
FN:630,(anonymous_40)
FN:635,(anonymous_41)
FN:640,(anonymous_42)
FN:772,(anonymous_43)
FN:778,(anonymous_44)
FN:906,(anonymous_45)
FN:963,(anonymous_46)
FN:1080,(anonymous_47)
FN:1094,(anonymous_48)
FN:1102,(anonymous_49)
FN:1109,(anonymous_50)
FN:1118,(anonymous_51)
FN:1128,(anonymous_52)
FN:1212,(anonymous_53)
FN:1241,(anonymous_54)
FN:1274,(anonymous_55)
FN:1282,(anonymous_56)
FN:1290,(anonymous_57)
FN:1311,(anonymous_58)
FN:1326,(anonymous_59)
FN:1335,(anonymous_60)
FN:1399,(anonymous_61)
FN:1406,(anonymous_62)
FN:1454,(anonymous_63)
FNF:62
FNH:0
FNDA:0,SettingsPage
FNDA:0,(anonymous_3)
FNDA:0,(anonymous_4)
FNDA:0,(anonymous_5)
FNDA:0,(anonymous_6)
FNDA:0,(anonymous_7)
FNDA:0,(anonymous_8)
FNDA:0,(anonymous_9)
FNDA:0,(anonymous_10)
FNDA:0,(anonymous_11)
FNDA:0,(anonymous_12)
FNDA:0,(anonymous_13)
FNDA:0,(anonymous_14)
FNDA:0,(anonymous_15)
FNDA:0,(anonymous_16)
FNDA:0,(anonymous_17)
FNDA:0,(anonymous_18)
FNDA:0,(anonymous_19)
FNDA:0,(anonymous_20)
FNDA:0,(anonymous_21)
FNDA:0,(anonymous_22)
FNDA:0,(anonymous_23)
FNDA:0,(anonymous_24)
FNDA:0,(anonymous_25)
FNDA:0,(anonymous_26)
FNDA:0,(anonymous_27)
FNDA:0,(anonymous_28)
FNDA:0,(anonymous_29)
FNDA:0,(anonymous_30)
FNDA:0,(anonymous_31)
FNDA:0,(anonymous_32)
FNDA:0,(anonymous_33)
FNDA:0,(anonymous_34)
FNDA:0,(anonymous_35)
FNDA:0,(anonymous_36)
FNDA:0,(anonymous_37)
FNDA:0,(anonymous_38)
FNDA:0,(anonymous_39)
FNDA:0,(anonymous_40)
FNDA:0,(anonymous_41)
FNDA:0,(anonymous_42)
FNDA:0,(anonymous_43)
FNDA:0,(anonymous_44)
FNDA:0,(anonymous_45)
FNDA:0,(anonymous_46)
FNDA:0,(anonymous_47)
FNDA:0,(anonymous_48)
FNDA:0,(anonymous_49)
FNDA:0,(anonymous_50)
FNDA:0,(anonymous_51)
FNDA:0,(anonymous_52)
FNDA:0,(anonymous_53)
FNDA:0,(anonymous_54)
FNDA:0,(anonymous_55)
FNDA:0,(anonymous_56)
FNDA:0,(anonymous_57)
FNDA:0,(anonymous_58)
FNDA:0,(anonymous_59)
FNDA:0,(anonymous_60)
FNDA:0,(anonymous_61)
FNDA:0,(anonymous_62)
FNDA:0,(anonymous_63)
DA:3,0
DA:4,0
DA:5,0
DA:6,0
DA:7,0
DA:8,0
DA:9,0
DA:10,0
DA:11,0
DA:12,0
DA:13,0
DA:14,0
DA:25,0
DA:26,0
DA:27,0
DA:35,0
DA:36,0
DA:37,0
DA:38,0
DA:39,0
DA:47,0
DA:48,0
DA:49,0
DA:50,0
DA:51,0
DA:52,0
DA:53,0
DA:64,0
DA:83,0
DA:84,0
DA:85,0
DA:88,0
DA:89,0
DA:90,0
DA:91,0
DA:92,0
DA:93,0
DA:94,0
DA:95,0
DA:96,0
DA:97,0
DA:100,0
DA:101,0
DA:102,0
DA:103,0
DA:106,0
DA:107,0
DA:108,0
DA:109,0
DA:112,0
DA:113,0
DA:114,0
DA:115,0
DA:117,0
DA:125,0
DA:126,0
DA:129,0
DA:132,0
DA:134,0
DA:139,0
DA:140,0
DA:141,0
DA:142,0
DA:143,0
DA:144,0
DA:147,0
DA:148,0
DA:152,0
DA:154,0
DA:159,0
DA:160,0
DA:162,0
DA:163,0
DA:166,0
DA:170,0
DA:172,0
DA:174,0
DA:175,0
DA:178,0
DA:182,0
DA:183,0
DA:185,0
DA:186,0
DA:189,0
DA:193,0
DA:194,0
DA:197,0
DA:200,0
DA:202,0
DA:203,0
DA:204,0
DA:207,0
DA:208,0
DA:209,0
DA:213,0
DA:217,0
DA:218,0
DA:221,0
DA:224,0
DA:226,0
DA:229,0
DA:233,0
DA:236,0
DA:237,0
DA:238,0
DA:241,0
DA:245,0
DA:248,0
DA:250,0
DA:253,0
DA:257,0
DA:258,0
DA:260,0
DA:261,0
DA:263,0
DA:264,0
DA:265,0
DA:268,0
DA:272,0
DA:273,0
DA:276,0
DA:277,0
DA:278,0
DA:279,0
DA:281,0
DA:287,0
DA:288,0
DA:291,0
DA:292,0
DA:296,0
DA:297,0
DA:302,0
DA:305,0
DA:309,0
DA:313,0
DA:314,0
DA:406,0
DA:430,0
DA:451,0
DA:506,0
DA:507,0
DA:508,0
DA:517,0
DA:591,0
DA:630,0
DA:635,0
DA:641,0
DA:772,0
DA:778,0
DA:906,0
DA:963,0
DA:1080,0
DA:1094,0
DA:1102,0
DA:1109,0
DA:1118,0
DA:1128,0
DA:1213,0
DA:1241,0
DA:1274,0
DA:1283,0
DA:1284,0
DA:1290,0
DA:1312,0
DA:1327,0
DA:1328,0
DA:1336,0
DA:1337,0
DA:1399,0
DA:1406,0
DA:1455,0
DA:1456,0
LF:172
LH:0
BRDA:119,0,0,0
BRDA:119,0,1,0
BRDA:120,1,0,0
BRDA:120,1,1,0
BRDA:121,2,0,0
BRDA:121,2,1,0
BRDA:166,3,0,0
BRDA:166,3,1,0
BRDA:178,4,0,0
BRDA:178,4,1,0
BRDA:189,5,0,0
BRDA:189,5,1,0
BRDA:207,6,0,0
BRDA:213,7,0,0
BRDA:213,7,1,0
BRDA:229,8,0,0
BRDA:229,8,1,0
BRDA:241,9,0,0
BRDA:241,9,1,0
BRDA:253,10,0,0
BRDA:253,10,1,0
BRDA:268,11,0,0
BRDA:268,11,1,0
BRDA:277,12,0,0
BRDA:296,13,0,0
BRDA:296,13,1,0
BRDA:298,14,0,0
BRDA:298,14,1,0
BRDA:299,15,0,0
BRDA:299,15,1,0
BRDA:300,16,0,0
BRDA:300,16,1,0
BRDA:302,17,0,0
BRDA:302,17,1,0
BRDA:305,18,0,0
BRDA:305,18,1,0
BRDA:305,18,2,0
BRDA:310,19,0,0
BRDA:310,19,1,0
BRDA:313,20,0,0
BRDA:313,20,1,0
BRDA:313,20,2,0
BRDA:314,21,0,0
BRDA:314,21,1,0
BRDA:314,21,2,0
BRDA:314,22,0,0
BRDA:314,22,1,0
BRDA:372,23,0,0
BRDA:372,23,1,0
BRDA:401,24,0,0
BRDA:401,24,1,0
BRDA:410,25,0,0
BRDA:422,26,0,0
BRDA:422,26,1,0
BRDA:434,27,0,0
BRDA:446,28,0,0
BRDA:446,28,1,0
BRDA:455,29,0,0
BRDA:467,30,0,0
BRDA:467,30,1,0
BRDA:494,31,0,0
BRDA:494,31,1,0
BRDA:497,32,0,0
BRDA:497,32,1,0
BRDA:503,33,0,0
BRDA:507,34,0,0
BRDA:520,35,0,0
BRDA:520,35,1,0
BRDA:589,36,0,0
BRDA:602,37,0,0
BRDA:602,37,1,0
BRDA:611,38,0,0
BRDA:611,38,1,0
BRDA:617,39,0,0
BRDA:617,39,1,0
BRDA:664,40,0,0
BRDA:671,41,0,0
BRDA:677,42,0,0
BRDA:683,43,0,0
BRDA:689,44,0,0
BRDA:698,45,0,0
BRDA:708,46,0,0
BRDA:708,46,1,0
BRDA:713,47,0,0
BRDA:718,48,0,0
BRDA:727,49,0,0
BRDA:731,50,0,0
BRDA:731,50,1,0
BRDA:738,51,0,0
BRDA:738,51,1,0
BRDA:752,52,0,0
BRDA:758,53,0,0
BRDA:769,54,0,0
BRDA:816,55,0,0
BRDA:816,55,1,0
BRDA:818,56,0,0
BRDA:818,56,1,0
BRDA:826,57,0,0
BRDA:826,57,1,0
BRDA:828,58,0,0
BRDA:828,58,1,0
BRDA:831,59,0,0
BRDA:831,59,1,0
BRDA:839,60,0,0
BRDA:841,61,0,0
BRDA:841,61,1,0
BRDA:848,62,0,0
BRDA:848,62,1,0
BRDA:850,63,0,0
BRDA:850,63,1,0
BRDA:853,64,0,0
BRDA:853,64,1,0
BRDA:860,65,0,0
BRDA:860,65,1,0
BRDA:865,66,0,0
BRDA:865,66,1,0
BRDA:867,67,0,0
BRDA:867,67,1,0
BRDA:875,68,0,0
BRDA:893,69,0,0
BRDA:916,70,0,0
BRDA:921,71,0,0
BRDA:927,72,0,0
BRDA:927,72,1,0
BRDA:929,73,0,0
BRDA:929,73,1,0
BRDA:936,74,0,0
BRDA:949,75,0,0
BRDA:952,76,0,0
BRDA:952,76,1,0
BRDA:955,77,0,0
BRDA:955,77,1,0
BRDA:977,78,0,0
BRDA:977,78,1,0
BRDA:977,79,0,0
BRDA:977,79,1,0
BRDA:986,80,0,0
BRDA:986,80,1,0
BRDA:986,81,0,0
BRDA:986,81,1,0
BRDA:992,82,0,0
BRDA:996,83,0,0
BRDA:996,83,1,0
BRDA:996,84,0,0
BRDA:996,84,1,0
BRDA:1006,85,0,0
BRDA:1015,86,0,0
BRDA:1015,86,1,0
BRDA:1015,87,0,0
BRDA:1015,87,1,0
BRDA:1024,88,0,0
BRDA:1024,88,1,0
BRDA:1024,89,0,0
BRDA:1024,89,1,0
BRDA:1030,90,0,0
BRDA:1038,91,0,0
BRDA:1046,92,0,0
BRDA:1054,93,0,0
BRDA:1068,94,0,0
BRDA:1074,95,0,0
BRDA:1074,95,1,0
BRDA:1091,96,0,0
BRDA:1114,97,0,0
BRDA:1125,98,0,0
BRDA:1261,99,0,0
BRDA:1291,100,0,0
BRDA:1291,100,1,0
BRDA:1293,101,0,0
BRDA:1293,101,1,0
BRDA:1409,102,0,0
BRDA:1409,102,1,0
BRDA:1466,103,0,0
BRDA:1466,103,1,0
BRF:173
BRH:0
end_of_record
TN:
SF:app/(dashboard)/subscription/page.tsx
FN:23,SubscriptionPage
FN:50,(anonymous_5)
FN:51,(anonymous_6)
FN:59,(anonymous_7)
FN:70,(anonymous_8)
FN:71,(anonymous_9)
FN:78,(anonymous_10)
FN:89,(anonymous_11)
FN:90,(anonymous_12)
FN:97,(anonymous_13)
FN:107,(anonymous_14)
FN:176,(anonymous_15)
FN:194,(anonymous_16)
FN:200,(anonymous_17)
FN:225,(anonymous_18)
FN:237,(anonymous_19)
FN:252,(anonymous_20)
FN:283,(anonymous_21)
FN:289,(anonymous_22)
FN:333,(anonymous_23)
FN:340,(anonymous_24)
FN:368,(anonymous_25)
FN:388,(anonymous_26)
FNF:23
FNH:0
FNDA:0,SubscriptionPage
FNDA:0,(anonymous_5)
FNDA:0,(anonymous_6)
FNDA:0,(anonymous_7)
FNDA:0,(anonymous_8)
FNDA:0,(anonymous_9)
FNDA:0,(anonymous_10)
FNDA:0,(anonymous_11)
FNDA:0,(anonymous_12)
FNDA:0,(anonymous_13)
FNDA:0,(anonymous_14)
FNDA:0,(anonymous_15)
FNDA:0,(anonymous_16)
FNDA:0,(anonymous_17)
FNDA:0,(anonymous_18)
FNDA:0,(anonymous_19)
FNDA:0,(anonymous_20)
FNDA:0,(anonymous_21)
FNDA:0,(anonymous_22)
FNDA:0,(anonymous_23)
FNDA:0,(anonymous_24)
FNDA:0,(anonymous_25)
FNDA:0,(anonymous_26)
DA:3,0
DA:4,0
DA:5,0
DA:6,0
DA:7,0
DA:8,0
DA:9,0
DA:10,0
DA:11,0
DA:12,0
DA:13,0
DA:14,0
DA:15,0
DA:16,0
DA:17,0
DA:18,0
DA:19,0
DA:20,0
DA:21,0
DA:23,0
DA:24,0
DA:25,0
DA:26,0
DA:27,0
DA:28,0
DA:29,0
DA:30,0
DA:33,0
DA:41,0
DA:49,0
DA:50,0
DA:52,0
DA:56,0
DA:57,0
DA:60,0
DA:61,0
DA:69,0
DA:70,0
DA:72,0
DA:76,0
DA:79,0
DA:80,0
DA:88,0
DA:89,0
DA:91,0
DA:95,0
DA:98,0
DA:99,0
DA:107,0
DA:108,0
DA:109,0
DA:176,0
DA:194,0
DA:201,0
DA:225,0
DA:237,0
DA:252,0
DA:283,0
DA:290,0
DA:333,0
DA:340,0
DA:368,0
DA:388,0
LF:63
LH:0
BRDA:134,0,0,0
BRDA:184,1,0,0
BRDA:191,2,0,0
BRDA:199,3,0,0
BRDA:198,4,0,0
BRDA:198,4,1,0
BRDA:209,5,0,0
BRDA:209,5,1,0
BRDA:215,6,0,0
BRDA:220,7,0,0
BRDA:230,8,0,0
BRDA:230,8,1,0
BRDA:272,9,0,0
BRDA:280,10,0,0
BRDA:288,11,0,0
BRDA:287,12,0,0
BRDA:287,12,1,0
BRDA:325,13,0,0
BRF:18
BRH:0
end_of_record
TN:
SF:app/(dashboard)/subscription-blocked/page.tsx
FN:16,SubscriptionBlockedPage
FN:22,(anonymous_2)
FN:137,(anonymous_3)
FN:147,(anonymous_4)
FN:155,(anonymous_5)
FNF:5
FNH:0
FNDA:0,SubscriptionBlockedPage
FNDA:0,(anonymous_2)
FNDA:0,(anonymous_3)
FNDA:0,(anonymous_4)
FNDA:0,(anonymous_5)
DA:3,0
DA:4,0
DA:5,0
DA:6,0
DA:12,0
DA:13,0
DA:14,0
DA:16,0
DA:17,0
DA:18,0
DA:19,0
DA:22,0
DA:23,0
DA:24,0
DA:26,0
DA:31,0
DA:39,0
DA:43,0
DA:44,0
DA:137,0
DA:147,0
DA:155,0
LF:22
LH:0
BRDA:23,0,0,0
BRDA:23,1,0,0
BRDA:23,1,1,0
BRDA:24,2,0,0
BRDA:24,3,0,0
BRDA:24,3,1,0
BRDA:24,3,2,0
BRDA:31,4,0,0
BRDA:39,5,0,0
BRDA:39,5,1,0
BRDA:39,5,2,0
BRDA:56,6,0,0
BRDA:56,6,1,0
BRDA:57,7,0,0
BRDA:57,7,1,0
BRDA:58,8,0,0
BRDA:58,8,1,0
BRDA:59,9,0,0
BRDA:59,9,1,0
BRDA:59,9,2,0
BRDA:59,9,3,0
BRDA:62,10,0,0
BRDA:62,10,1,0
BRDA:63,11,0,0
BRDA:63,11,1,0
BRDA:64,12,0,0
BRDA:64,12,1,0
BRDA:65,13,0,0
BRDA:65,13,1,0
BRDA:65,13,2,0
BRDA:65,13,3,0
BRDA:80,14,0,0
BRDA:80,14,1,0
BRDA:86,15,0,0
BRDA:86,15,1,0
BRDA:87,16,0,0
BRDA:87,16,1,0
BRDA:88,17,0,0
BRDA:88,17,1,0
BRDA:90,18,0,0
BRDA:90,18,1,0
BRDA:91,19,0,0
BRDA:91,19,1,0
BRDA:92,20,0,0
BRDA:92,20,1,0
BRDA:93,21,0,0
BRDA:93,21,1,0
BRDA:93,21,2,0
BRDA:93,21,3,0
BRDA:96,22,0,0
BRDA:140,23,0,0
BRDA:140,23,1,0
BRDA:143,24,0,0
BRF:53
BRH:0
end_of_record
TN:
SF:app/(dashboard)/subscription/cancel/page.tsx
FN:8,PaymentCancelPage
FN:31,(anonymous_2)
FN:39,(anonymous_3)
FNF:3
FNH:0
FNDA:0,PaymentCancelPage
FNDA:0,(anonymous_2)
FNDA:0,(anonymous_3)
DA:3,0
DA:4,0
DA:5,0
DA:6,0
DA:8,0
DA:9,0
DA:31,0
DA:39,0
LF:8
LH:0
BRF:0
BRH:0
end_of_record
TN:
SF:app/(dashboard)/subscription/success/page.tsx
FN:12,PaymentSuccessPage
FN:23,(anonymous_2)
FN:43,(anonymous_3)
FN:46,(anonymous_4)
FN:63,(anonymous_5)
FN:66,(anonymous_6)
FN:118,(anonymous_7)
FN:126,(anonymous_8)
FN:133,(anonymous_9)
FNF:9
FNH:0
FNDA:0,PaymentSuccessPage
FNDA:0,(anonymous_2)
FNDA:0,(anonymous_3)
FNDA:0,(anonymous_4)
FNDA:0,(anonymous_5)
FNDA:0,(anonymous_6)
FNDA:0,(anonymous_7)
FNDA:0,(anonymous_8)
FNDA:0,(anonymous_9)
DA:3,0
DA:4,0
DA:5,0
DA:6,0
DA:7,0
DA:8,0
DA:9,0
DA:10,0
DA:12,0
DA:13,0
DA:14,0
DA:15,0
DA:16,0
DA:17,0
DA:18,0
DA:21,0
DA:23,0
DA:24,0
DA:25,0
DA:26,0
DA:30,0
DA:31,0
DA:33,0
DA:34,0
DA:35,0
DA:36,0
DA:37,0
DA:38,0
DA:43,0
DA:44,0
DA:46,0
DA:47,0
DA:48,0
DA:50,0
DA:51,0
DA:52,0
DA:53,0
DA:54,0
DA:56,0
DA:59,0
DA:63,0
DA:66,0
DA:67,0
DA:69,0
DA:76,0
DA:83,0
DA:90,0
DA:101,0
DA:118,0
DA:126,0
DA:133,0
LF:51
LH:0
BRDA:24,0,0,0
BRDA:30,1,0,0
BRDA:30,1,1,0
BRDA:37,2,0,0
BRDA:44,3,0,0
BRDA:44,4,0,0
BRDA:44,4,1,0
BRDA:50,5,0,0
BRDA:50,5,1,0
BRDA:67,6,0,0
BRDA:67,6,1,0
BRDA:67,6,2,0
BRDA:67,6,3,0
BRDA:93,7,0,0
BRDA:93,7,1,0
BRDA:113,8,0,0
BRDA:116,9,0,0
BRF:17
BRH:0
end_of_record
TN:
SF:app/(dashboard)/subscription/upgrade/page.tsx
FN:14,UpgradePage
FN:21,(anonymous_2)
FN:34,(anonymous_3)
FN:52,(anonymous_4)
FN:71,(anonymous_5)
FNF:5
FNH:0
FNDA:0,UpgradePage
FNDA:0,(anonymous_2)
FNDA:0,(anonymous_3)
FNDA:0,(anonymous_4)
FNDA:0,(anonymous_5)
DA:3,0
DA:4,0
DA:5,0
DA:6,0
DA:7,0
DA:8,0
DA:9,0
DA:10,0
DA:11,0
DA:12,0
DA:14,0
DA:15,0
DA:16,0
DA:17,0
DA:18,0
DA:21,0
DA:22,0
DA:23,0
DA:24,0
DA:29,0
DA:34,0
DA:35,0
DA:36,0
DA:38,0
DA:46,0
DA:53,0
DA:61,0
DA:62,0
DA:63,0
DA:71,0
LF:30
LH:0
BRDA:23,0,0,0
BRDA:46,1,0,0
BRDA:63,2,0,0
BRDA:63,2,1,0
BRDA:83,3,0,0
BRDA:83,3,1,0
BRDA:92,4,0,0
BRF:7
BRH:0
end_of_record
TN:
SF:app/(dashboard)/transactions/page.tsx
FN:29,TransactionsPage
FN:38,(anonymous_2)
FN:44,(anonymous_3)
FN:50,(anonymous_4)
FN:54,(anonymous_5)
FN:57,(anonymous_6)
FN:71,(anonymous_7)
FN:77,(anonymous_8)
FN:177,(anonymous_9)
FN:178,(anonymous_10)
FN:184,(anonymous_11)
FN:197,(anonymous_12)
FN:209,(anonymous_13)
FN:222,(anonymous_14)
FN:234,(anonymous_15)
FN:247,(anonymous_16)
FN:295,(anonymous_17)
FN:346,(anonymous_18)
FN:353,(anonymous_19)
FNF:19
FNH:0
FNDA:0,TransactionsPage
FNDA:0,(anonymous_2)
FNDA:0,(anonymous_3)
FNDA:0,(anonymous_4)
FNDA:0,(anonymous_5)
FNDA:0,(anonymous_6)
FNDA:0,(anonymous_7)
FNDA:0,(anonymous_8)
FNDA:0,(anonymous_9)
FNDA:0,(anonymous_10)
FNDA:0,(anonymous_11)
FNDA:0,(anonymous_12)
FNDA:0,(anonymous_13)
FNDA:0,(anonymous_14)
FNDA:0,(anonymous_15)
FNDA:0,(anonymous_16)
FNDA:0,(anonymous_17)
FNDA:0,(anonymous_18)
FNDA:0,(anonymous_19)
DA:3,0
DA:4,0
DA:5,0
DA:6,0
DA:7,0
DA:8,0
DA:9,0
DA:10,0
DA:11,0
DA:12,0
DA:14,0
DA:20,0
DA:27,0
DA:29,0
DA:30,0
DA:31,0
DA:32,0
DA:33,0
DA:36,0
DA:38,0
DA:42,0
DA:44,0
DA:48,0
DA:50,0
DA:54,0
DA:55,0
DA:57,0
DA:58,0
DA:59,0
DA:60,0
DA:62,0
DA:64,0
DA:68,0
DA:71,0
DA:72,0
DA:73,0
DA:77,0
DA:78,0
DA:79,0
DA:80,0
DA:81,0
DA:82,0
DA:83,0
DA:84,0
DA:85,0
DA:86,0
DA:87,0
DA:89,0
DA:93,0
DA:101,0
DA:177,0
DA:178,0
DA:184,0
DA:198,0
DA:210,0
DA:223,0
DA:235,0
DA:248,0
DA:296,0
DA:346,0
DA:353,0
LF:61
LH:0
BRDA:55,0,0,0
BRDA:59,1,0,0
BRDA:59,1,1,0
BRDA:93,2,0,0
BRDA:101,3,0,0
BRDA:162,4,0,0
BRDA:162,4,1,0
BRDA:178,5,0,0
BRDA:178,5,1,0
BRDA:191,6,0,0
BRDA:196,7,0,0
BRDA:196,7,1,0
BRDA:200,8,0,0
BRDA:200,8,1,0
BRDA:211,9,0,0
BRDA:211,9,1,0
BRDA:221,10,0,0
BRDA:221,10,1,0
BRDA:225,11,0,0
BRDA:225,11,1,0
BRDA:246,12,0,0
BRDA:246,12,1,0
BRDA:250,13,0,0
BRDA:250,13,1,0
BRDA:273,14,0,0
BRDA:272,15,0,0
BRDA:272,15,1,0
BRDA:305,16,0,0
BRDA:314,17,0,0
BRDA:314,17,1,0
BRDA:317,18,0,0
BRDA:317,18,1,0
BRDA:319,19,0,0
BRDA:319,19,1,0
BRDA:338,20,0,0
BRDA:338,20,1,0
BRF:36
BRH:0
end_of_record
TN:
SF:app/(dashboard)/transactions/new/page.tsx
FN:44,(anonymous_1)
FN:58,NewTransactionPage
FN:66,(anonymous_3)
FN:72,(anonymous_4)
FN:104,(anonymous_5)
FN:105,(anonymous_6)
FN:118,(anonymous_7)
FN:129,(anonymous_8)
FN:144,(anonymous_9)
FN:161,(anonymous_10)
FN:170,(anonymous_11)
FN:180,(anonymous_12)
FN:195,(anonymous_13)
FN:209,(anonymous_14)
FN:238,(anonymous_15)
FN:250,(anonymous_16)
FN:257,(anonymous_17)
FN:281,(anonymous_18)
FN:344,(anonymous_19)
FN:353,(anonymous_20)
FN:418,(anonymous_21)
FN:454,(anonymous_22)
FNF:22
FNH:0
FNDA:0,(anonymous_1)
FNDA:0,NewTransactionPage
FNDA:0,(anonymous_3)
FNDA:0,(anonymous_4)
FNDA:0,(anonymous_5)
FNDA:0,(anonymous_6)
FNDA:0,(anonymous_7)
FNDA:0,(anonymous_8)
FNDA:0,(anonymous_9)
FNDA:0,(anonymous_10)
FNDA:0,(anonymous_11)
FNDA:0,(anonymous_12)
FNDA:0,(anonymous_13)
FNDA:0,(anonymous_14)
FNDA:0,(anonymous_15)
FNDA:0,(anonymous_16)
FNDA:0,(anonymous_17)
FNDA:0,(anonymous_18)
FNDA:0,(anonymous_19)
FNDA:0,(anonymous_20)
FNDA:0,(anonymous_21)
FNDA:0,(anonymous_22)
DA:3,0
DA:4,0
DA:5,0
DA:6,0
DA:7,0
DA:8,0
DA:9,0
DA:10,0
DA:11,0
DA:12,0
DA:13,0
DA:14,0
DA:25,0
DA:32,0
DA:33,0
DA:34,0
DA:35,0
DA:36,0
DA:37,0
DA:40,0
DA:45,0
DA:46,0
DA:58,0
DA:59,0
DA:60,0
DA:61,0
DA:64,0
DA:66,0
DA:70,0
DA:72,0
DA:76,0
DA:77,0
DA:86,0
DA:100,0
DA:103,0
DA:105,0
DA:107,0
DA:120,0
DA:121,0
DA:123,0
DA:125,0
DA:129,0
DA:136,0
DA:144,0
DA:145,0
DA:153,0
DA:159,0
DA:162,0
DA:163,0
DA:170,0
DA:171,0
DA:172,0
DA:173,0
DA:175,0
DA:180,0
DA:181,0
DA:182,0
DA:186,0
DA:195,0
DA:196,0
DA:197,0
DA:199,0
DA:209,0
DA:238,0
DA:250,0
DA:258,0
DA:281,0
DA:344,0
DA:354,0
DA:418,0
DA:454,0
LF:71
LH:0
BRDA:46,0,0,0
BRDA:46,0,1,0
BRDA:76,1,0,0
BRDA:76,1,1,0
BRDA:77,2,0,0
BRDA:77,2,1,0
BRDA:105,3,0,0
BRDA:105,3,1,0
BRDA:112,4,0,0
BRDA:112,4,1,0
BRDA:114,5,0,0
BRDA:114,5,1,0
BRDA:115,6,0,0
BRDA:115,6,1,0
BRDA:120,7,0,0
BRDA:120,7,1,0
BRDA:123,8,0,0
BRDA:123,8,1,0
BRDA:164,9,0,0
BRDA:164,9,1,0
BRDA:181,10,0,0
BRDA:186,11,0,0
BRDA:186,12,0,0
BRDA:186,12,1,0
BRDA:196,13,0,0
BRDA:196,13,1,0
BRDA:240,14,0,0
BRDA:240,14,1,0
BRDA:244,15,0,0
BRDA:244,15,1,0
BRDA:261,16,0,0
BRDA:261,16,1,0
BRDA:261,16,2,0
BRDA:271,17,0,0
BRDA:314,18,0,0
BRDA:314,18,1,0
BRDA:317,19,0,0
BRDA:329,20,0,0
BRDA:329,20,1,0
BRDA:331,21,0,0
BRDA:343,22,0,0
BRDA:343,22,1,0
BRDA:344,23,0,0
BRDA:344,23,1,0
BRDA:358,24,0,0
BRDA:358,24,1,0
BRDA:377,25,0,0
BRDA:377,25,1,0
BRDA:380,26,0,0
BRDA:426,27,0,0
BRDA:426,27,1,0
BRDA:430,28,0,0
BRDA:443,29,0,0
BRF:53
BRH:0
end_of_record
TN:
SF:app/banking/mock-auth/page.tsx
FN:9,MockAuthContent
FN:14,(anonymous_2)
FN:25,(anonymous_3)
FN:42,(anonymous_4)
FN:121,MockAuthPage
FNF:5
FNH:0
FNDA:0,MockAuthContent
FNDA:0,(anonymous_2)
FNDA:0,(anonymous_3)
FNDA:0,(anonymous_4)
FNDA:0,MockAuthPage
DA:3,0
DA:4,0
DA:5,0
DA:6,0
DA:7,0
DA:10,0
DA:11,0
DA:12,0
DA:14,0
DA:16,0
DA:17,0
DA:18,0
DA:19,0
DA:22,0
DA:25,0
DA:26,0
DA:27,0
DA:29,0
DA:31,0
DA:34,0
DA:35,0
DA:38,0
DA:42,0
DA:43,0
DA:44,0
DA:46,0
DA:47,0
DA:48,0
DA:50,0
DA:121,0
LF:30
LH:0
BRDA:29,0,0,0
BRDA:29,0,1,0
BRDA:29,1,0,0
BRDA:29,1,1,0
BRDA:46,2,0,0
BRDA:46,2,1,0
BRDA:46,3,0,0
BRDA:46,3,1,0
BRF:8
BRH:0
end_of_record
TN:
SF:app/pluggy-connect/page.tsx
FN:7,PluggyConnectContent
FN:15,(anonymous_2)
FN:21,(anonymous_3)
FN:26,(anonymous_4)
FN:27,(anonymous_5)
FN:50,(anonymous_6)
FN:61,(anonymous_7)
FN:69,(anonymous_8)
FN:80,(anonymous_9)
FN:96,(anonymous_10)
FN:105,(anonymous_11)
FN:123,(anonymous_12)
FN:140,(anonymous_13)
FN:152,(anonymous_14)
FN:163,(anonymous_15)
FN:198,(anonymous_16)
FN:203,(anonymous_17)
FN:230,(anonymous_18)
FN:271,(anonymous_19)
FN:282,(anonymous_20)
FN:287,(anonymous_21)
FN:295,(anonymous_22)
FN:300,(anonymous_23)
FN:361,PluggyConnectPage
FNF:24
FNH:0
FNDA:0,PluggyConnectContent
FNDA:0,(anonymous_2)
FNDA:0,(anonymous_3)
FNDA:0,(anonymous_4)
FNDA:0,(anonymous_5)
FNDA:0,(anonymous_6)
FNDA:0,(anonymous_7)
FNDA:0,(anonymous_8)
FNDA:0,(anonymous_9)
FNDA:0,(anonymous_10)
FNDA:0,(anonymous_11)
FNDA:0,(anonymous_12)
FNDA:0,(anonymous_13)
FNDA:0,(anonymous_14)
FNDA:0,(anonymous_15)
FNDA:0,(anonymous_16)
FNDA:0,(anonymous_17)
FNDA:0,(anonymous_18)
FNDA:0,(anonymous_19)
FNDA:0,(anonymous_20)
FNDA:0,(anonymous_21)
FNDA:0,(anonymous_22)
FNDA:0,(anonymous_23)
FNDA:0,PluggyConnectPage
DA:3,0
DA:4,0
DA:5,0
DA:8,0
DA:9,0
DA:10,0
DA:11,0
DA:12,0
DA:13,0
DA:15,0
DA:16,0
DA:17,0
DA:19,0
DA:20,0
DA:21,0
DA:22,0
DA:26,0
DA:27,0
DA:29,0
DA:30,0
DA:31,0
DA:34,0
DA:36,0
DA:39,0
DA:42,0
DA:48,0
DA:50,0
DA:51,0
DA:52,0
DA:53,0
DA:56,0
DA:57,0
DA:58,0
DA:61,0
DA:62,0
DA:63,0
DA:65,0
DA:69,0
DA:70,0
DA:73,0
DA:76,0
DA:80,0
DA:81,0
DA:82,0
DA:85,0
DA:86,0
DA:87,0
DA:89,0
DA:93,0
DA:96,0
DA:97,0
DA:98,0
DA:99,0
DA:100,0
DA:105,0
DA:107,0
DA:108,0
DA:111,0
DA:113,0
DA:120,0
DA:123,0
DA:124,0
DA:126,0
DA:128,0
DA:129,0
DA:130,0
DA:132,0
DA:133,0
DA:135,0
DA:140,0
DA:143,0
DA:144,0
DA:145,0
DA:147,0
DA:148,0
DA:152,0
DA:154,0
DA:156,0
DA:160,0
DA:163,0
DA:165,0
DA:167,0
DA:170,0
DA:172,0
DA:174,0
DA:197,0
DA:198,0
DA:199,0
DA:203,0
DA:206,0
DA:207,0
DA:209,0
DA:211,0
DA:212,0
DA:213,0
DA:215,0
DA:216,0
DA:217,0
DA:219,0
DA:220,0
DA:221,0
DA:223,0
DA:224,0
DA:230,0
DA:231,0
DA:233,0
DA:267,0
DA:268,0
DA:269,0
DA:271,0
DA:274,0
DA:277,0
DA:278,0
DA:279,0
DA:281,0
DA:282,0
DA:283,0
DA:287,0
DA:290,0
DA:291,0
DA:292,0
DA:294,0
DA:295,0
DA:296,0
DA:300,0
DA:301,0
DA:306,0
DA:309,0
DA:361,0
LF:129
LH:0
BRDA:17,0,0,0
BRDA:17,0,1,0
BRDA:19,1,0,0
BRDA:29,2,0,0
BRDA:34,3,0,0
BRDA:51,4,0,0
BRDA:62,5,0,0
BRDA:62,5,1,0
BRDA:107,6,0,0
BRDA:126,7,0,0
BRDA:126,7,1,0
BRDA:144,8,0,0
BRDA:144,8,1,0
BRDA:147,9,0,0
BRDA:147,9,1,0
BRDA:154,10,0,0
BRDA:165,11,0,0
BRDA:165,11,1,0
BRDA:170,12,0,0
BRDA:206,13,0,0
BRDA:209,14,0,0
BRDA:209,14,1,0
BRDA:209,15,0,0
BRDA:209,15,1,0
BRDA:217,16,0,0
BRDA:220,17,0,0
BRDA:220,17,1,0
BRDA:231,18,0,0
BRDA:309,19,0,0
BRDA:328,20,0,0
BRF:30
BRH:0
end_of_record
TN:
SF:app/pricing/page.tsx
FN:100,PricingContent
FN:106,(anonymous_3)
FN:111,(anonymous_4)
FN:118,(anonymous_5)
FN:176,(anonymous_6)
FN:232,(anonymous_7)
FN:253,(anonymous_8)
FN:269,(anonymous_9)
FN:416,PricingPage
FNF:9
FNH:0
FNDA:0,PricingContent
FNDA:0,(anonymous_3)
FNDA:0,(anonymous_4)
FNDA:0,(anonymous_5)
FNDA:0,(anonymous_6)
FNDA:0,(anonymous_7)
FNDA:0,(anonymous_8)
FNDA:0,(anonymous_9)
FNDA:0,PricingPage
DA:3,0
DA:4,0
DA:5,0
DA:6,0
DA:7,0
DA:8,0
DA:9,0
DA:10,0
DA:11,0
DA:12,0
DA:27,0
DA:101,0
DA:102,0
DA:103,0
DA:104,0
DA:106,0
DA:108,0
DA:111,0
DA:113,0
DA:115,0
DA:118,0
DA:119,0
DA:120,0
DA:121,0
DA:177,0
DA:178,0
DA:179,0
DA:181,0
DA:233,0
DA:254,0
DA:269,0
DA:416,0
LF:32
LH:0
BRDA:119,0,0,0
BRDA:141,1,0,0
BRDA:141,1,1,0
BRDA:149,2,0,0
BRDA:149,2,1,0
BRDA:177,3,0,0
BRDA:177,3,1,0
BRDA:178,4,0,0
BRDA:178,4,1,0
BRDA:185,5,0,0
BRDA:185,5,1,0
BRDA:190,6,0,0
BRDA:211,7,0,0
BRDA:216,8,0,0
BRDA:235,9,0,0
BRDA:250,10,0,0
BRDA:267,11,0,0
BRDA:267,11,1,0
BRF:18
BRH:0
end_of_record
TN:
SF:app/privacy/page.tsx
FN:6,PrivacyPolicy
FNF:1
FNH:0
FNDA:0,PrivacyPolicy
DA:1,0
DA:2,0
DA:3,0
DA:4,0
DA:6,0
LF:5
LH:0
BRF:0
BRH:0
end_of_record
TN:
SF:app/terms/page.tsx
FN:6,TermsOfService
FNF:1
FNH:0
FNDA:0,TermsOfService
DA:1,0
DA:2,0
DA:3,0
DA:4,0
DA:6,0
LF:5
LH:0
BRF:0
BRH:0
end_of_record
TN:
SF:components/ErrorBoundary.tsx
FN:24,(anonymous_7)
FN:68,(anonymous_8)
FN:77,(anonymous_9)
FN:81,(anonymous_10)
FN:34,(anonymous_11)
FN:42,(anonymous_12)
FN:46,(anonymous_13)
FN:85,(anonymous_14)
FN:185,useErrorHandler
FN:188,(anonymous_16)
FN:200,withErrorBoundary
FNF:11
FNH:0
FNDA:0,(anonymous_7)
FNDA:0,(anonymous_8)
FNDA:0,(anonymous_9)
FNDA:0,(anonymous_10)
FNDA:0,(anonymous_11)
FNDA:0,(anonymous_12)
FNDA:0,(anonymous_13)
FNDA:0,(anonymous_14)
FNDA:0,useErrorHandler
FNDA:0,(anonymous_16)
FNDA:0,withErrorBoundary
DA:1,0
DA:2,0
DA:3,0
DA:4,0
DA:5,0
DA:23,0
DA:25,0
DA:26,0
DA:36,0
DA:44,0
DA:46,0
DA:52,0
DA:53,0
DA:57,0
DA:58,0
DA:68,0
DA:69,0
DA:77,0
DA:78,0
DA:81,0
DA:82,0
DA:86,0
DA:88,0
DA:92,0
DA:93,0
DA:178,0
DA:185,0
DA:186,0
DA:188,0
DA:189,0
DA:190,0
DA:194,0
DA:200,0
LF:33
LH:0
BRDA:52,0,0,0
BRDA:57,1,0,0
BRDA:57,2,0,0
BRDA:57,2,1,0
BRDA:86,3,0,0
BRDA:88,4,0,0
BRDA:108,5,0,0
BRDA:128,6,0,0
BRDA:128,6,1,0
BRDA:134,7,0,0
BRDA:189,8,0,0
BRF:11
BRH:0
end_of_record
TN:
SF:components/PlanLimitAlert.tsx
FN:19,PlanLimitAlert
FN:89,(anonymous_4)
FN:101,(anonymous_5)
FN:113,usePlanLimitCheck
FNF:4
FNH:0
FNDA:0,PlanLimitAlert
FNDA:0,(anonymous_4)
FNDA:0,(anonymous_5)
FNDA:0,usePlanLimitCheck
DA:4,0
DA:5,0
DA:6,0
DA:7,0
DA:8,0
DA:19,0
DA:27,0
DA:28,0
DA:30,0
DA:32,0
DA:33,0
DA:36,0
DA:37,0
DA:39,0
DA:40,0
DA:41,0
DA:42,0
DA:43,0
DA:44,0
DA:45,0
DA:46,0
DA:47,0
DA:50,0
DA:53,0
DA:77,0
DA:89,0
DA:101,0
DA:113,0
DA:118,0
DA:119,0
DA:120,0
DA:122,0
LF:32
LH:0
BRDA:24,0,0,0
BRDA:30,1,0,0
BRDA:32,2,0,0
BRDA:32,2,1,0
BRDA:32,3,0,0
BRDA:32,3,1,0
BRDA:39,4,0,0
BRDA:39,4,1,0
BRDA:42,5,0,0
BRDA:42,5,1,0
BRDA:45,6,0,0
BRDA:50,7,0,0
BRDA:55,8,0,0
BRDA:55,8,1,0
BRDA:56,9,0,0
BRDA:56,9,1,0
BRDA:63,10,0,0
BRDA:63,10,1,0
BRDA:69,11,0,0
BRDA:69,11,1,0
BRDA:70,12,0,0
BRDA:70,12,1,0
BRDA:84,13,0,0
BRDA:97,14,0,0
BRDA:100,15,0,0
BRDA:100,15,1,0
BRDA:118,16,0,0
BRDA:118,16,1,0
BRDA:119,17,0,0
BRDA:119,17,1,0
BRF:30
BRH:0
end_of_record
TN:
SF:components/RefreshDataButton.tsx
FN:10,RefreshDataButton
FN:15,(anonymous_2)
FN:43,(anonymous_3)
FNF:3
FNH:0
FNDA:0,RefreshDataButton
FNDA:0,(anonymous_2)
FNDA:0,(anonymous_3)
DA:3,0
DA:4,0
DA:5,0
DA:6,0
DA:7,0
DA:8,0
DA:10,0
DA:11,0
DA:12,0
DA:13,0
DA:15,0
DA:16,0
DA:17,0
DA:19,0
DA:20,0
DA:21,0
DA:23,0
DA:24,0
DA:27,0
DA:28,0
DA:29,0
DA:32,0
DA:35,0
DA:38,0
DA:40,0
DA:43,0
DA:44,0
DA:47,0
DA:49,0
LF:29
LH:0
BRDA:27,0,0,0
BRDA:28,1,0,0
BRDA:29,2,0,0
BRDA:61,3,0,0
BRDA:61,3,1,0
BRF:5
BRH:0
end_of_record
TN:
SF:components/UsageIndicators.legacy.tsx
FN:26,AIUsageIndicator
FN:46,(anonymous_6)
FN:124,TransactionUsageIndicator
FN:202,(anonymous_8)
FN:214,BankAccountUsageIndicator
FN:281,(anonymous_10)
FN:296,UsageIndicators
FN:302,(anonymous_12)
FN:304,(anonymous_13)
FN:314,(anonymous_14)
FNF:10
FNH:0
FNDA:0,AIUsageIndicator
FNDA:0,(anonymous_6)
FNDA:0,TransactionUsageIndicator
FNDA:0,(anonymous_8)
FNDA:0,BankAccountUsageIndicator
FNDA:0,(anonymous_10)
FNDA:0,UsageIndicators
FNDA:0,(anonymous_12)
FNDA:0,(anonymous_13)
FNDA:0,(anonymous_14)
DA:4,0
DA:5,0
DA:6,0
DA:7,0
DA:8,0
DA:17,0
DA:18,0
DA:19,0
DA:26,0
DA:27,0
DA:29,0
DA:30,0
DA:33,0
DA:46,0
DA:56,0
DA:57,0
DA:58,0
DA:59,0
DA:60,0
DA:124,0
DA:125,0
DA:127,0
DA:128,0
DA:131,0
DA:132,0
DA:133,0
DA:134,0
DA:137,0
DA:202,0
DA:214,0
DA:215,0
DA:217,0
DA:218,0
DA:221,0
DA:222,0
DA:223,0
DA:224,0
DA:227,0
DA:281,0
DA:296,0
DA:297,0
DA:300,0
DA:302,0
DA:304,0
DA:305,0
DA:306,0
DA:308,0
DA:312,0
DA:314,0
DA:315,0
LF:50
LH:0
BRDA:29,0,0,0
BRDA:33,1,0,0
BRDA:56,2,0,0
BRDA:57,3,0,0
BRDA:57,3,1,0
BRDA:58,4,0,0
BRDA:58,4,1,0
BRDA:78,5,0,0
BRDA:84,6,0,0
BRDA:84,6,1,0
BRDA:89,7,0,0
BRDA:127,8,0,0
BRDA:131,9,0,0
BRDA:131,9,1,0
BRDA:132,10,0,0
BRDA:132,10,1,0
BRDA:133,11,0,0
BRDA:133,11,1,0
BRDA:137,12,0,0
BRDA:174,13,0,0
BRDA:180,14,0,0
BRDA:180,14,1,0
BRDA:186,15,0,0
BRDA:186,15,1,0
BRDA:191,16,0,0
BRDA:197,17,0,0
BRDA:217,18,0,0
BRDA:221,19,0,0
BRDA:221,19,1,0
BRDA:222,20,0,0
BRDA:222,20,1,0
BRDA:223,21,0,0
BRDA:223,21,1,0
BRDA:227,22,0,0
BRDA:264,23,0,0
BRDA:270,24,0,0
BRDA:270,24,1,0
BRDA:272,25,0,0
BRDA:272,25,1,0
BRDA:276,26,0,0
BRDA:300,27,0,0
BRDA:300,27,1,0
BRF:42
BRH:0
end_of_record
TN:
SF:components/UsageIndicators.tsx
FN:13,UsageIndicators
FN:16,(anonymous_2)
FN:23,(anonymous_3)
FN:56,(anonymous_4)
FNF:4
FNH:0
FNDA:0,UsageIndicators
FNDA:0,(anonymous_2)
FNDA:0,(anonymous_3)
FNDA:0,(anonymous_4)
DA:4,0
DA:5,0
DA:6,0
DA:11,0
DA:13,0
DA:14,0
DA:16,0
DA:20,0
DA:24,0
DA:33,0
DA:57,0
DA:58,0
DA:59,0
DA:60,0
DA:62,0
LF:15
LH:0
BRDA:20,0,0,0
BRDA:20,1,0,0
BRDA:20,1,1,0
BRDA:66,2,0,0
BRDA:66,2,1,0
BRDA:68,3,0,0
BRDA:68,3,1,0
BRDA:76,4,0,0
BRDA:76,4,1,0
BRDA:78,5,0,0
BRDA:78,5,1,0
BRDA:87,6,0,0
BRDA:87,6,1,0
BRDA:89,7,0,0
BRDA:89,7,1,0
BRDA:99,8,0,0
BRDA:99,8,1,0
BRDA:101,9,0,0
BRDA:101,9,1,0
BRDA:106,10,0,0
BRDA:106,10,1,0
BRDA:108,11,0,0
BRDA:108,11,1,0
BRF:23
BRH:0
end_of_record
TN:
SF:components/email-verification-banner.tsx
FN:11,EmailVerificationBanner
FN:17,(anonymous_2)
FN:37,(anonymous_3)
FN:53,(anonymous_4)
FNF:4
FNH:0
FNDA:0,EmailVerificationBanner
FNDA:0,(anonymous_2)
FNDA:0,(anonymous_3)
FNDA:0,(anonymous_4)
DA:3,0
DA:4,0
DA:5,0
DA:6,0
DA:7,0
DA:8,0
DA:9,0
DA:11,0
DA:12,0
DA:13,0
DA:14,0
DA:15,0
DA:17,0
DA:19,0
DA:20,0
DA:22,0
DA:24,0
DA:25,0
DA:26,0
DA:28,0
DA:29,0
DA:31,0
DA:32,0
DA:37,0
DA:38,0
DA:39,0
DA:40,0
DA:41,0
DA:45,0
DA:49,0
DA:53,0
DA:54,0
DA:55,0
DA:56,0
DA:57,0
DA:60,0
DA:61,0
LF:37
LH:0
BRDA:22,0,0,0
BRDA:22,1,0,0
BRDA:22,1,1,0
BRDA:28,2,0,0
BRDA:28,2,1,0
BRDA:46,3,0,0
BRDA:46,3,1,0
BRDA:60,4,0,0
BRDA:60,5,0,0
BRDA:60,5,1,0
BRDA:60,5,2,0
BRDA:60,5,3,0
BRDA:95,6,0,0
BRDA:95,6,1,0
BRF:14
BRH:0
end_of_record
TN:
SF:components/hydration-boundary.tsx
FN:15,HydrationBoundary
FNF:1
FNH:0
FNDA:0,HydrationBoundary
DA:3,0
DA:15,0
DA:16,0
DA:18,0
LF:4
LH:0
BRDA:18,0,0,0
BRDA:19,1,0,0
BRF:2
BRH:0
end_of_record
TN:
SF:components/accounts/bank-account-form.tsx
FN:37,BankAccountForm
FN:54,(anonymous_5)
FN:117,(anonymous_7)
FN:124,(anonymous_8)
FN:149,(anonymous_10)
FNF:5
FNH:0
FNDA:0,BankAccountForm
FNDA:0,(anonymous_5)
FNDA:0,(anonymous_7)
FNDA:0,(anonymous_8)
FNDA:0,(anonymous_10)
DA:3,0
DA:4,0
DA:5,0
DA:6,0
DA:7,0
DA:8,0
DA:9,0
DA:11,0
DA:12,0
DA:13,0
DA:14,0
DA:15,0
DA:17,0
DA:37,0
DA:38,0
DA:39,0
DA:41,0
DA:54,0
DA:55,0
DA:56,0
DA:57,0
DA:61,0
DA:63,0
DA:72,0
DA:73,0
DA:74,0
DA:77,0
DA:78,0
DA:79,0
DA:81,0
DA:83,0
DA:87,0
DA:117,0
DA:125,0
DA:150,0
LF:35
LH:0
BRDA:44,0,0,0
BRDA:44,0,1,0
BRDA:45,1,0,0
BRDA:45,1,1,0
BRDA:46,2,0,0
BRDA:46,2,1,0
BRDA:47,3,0,0
BRDA:47,3,1,0
BRDA:48,4,0,0
BRDA:48,4,1,0
BRDA:49,5,0,0
BRDA:49,5,1,0
BRDA:50,6,0,0
BRDA:50,6,1,0
BRDA:57,7,0,0
BRDA:57,7,1,0
BRDA:58,8,0,0
BRDA:58,8,1,0
BRDA:59,9,0,0
BRDA:59,9,1,0
BRDA:61,10,0,0
BRDA:61,10,1,0
BRDA:67,11,0,0
BRDA:67,11,1,0
BRDA:72,12,0,0
BRDA:74,13,0,0
BRDA:74,13,1,0
BRDA:77,14,0,0
BRDA:77,14,1,0
BRDA:81,15,0,0
BRDA:81,15,1,0
BRDA:99,16,0,0
BRDA:99,16,1,0
BRDA:102,17,0,0
BRDA:102,17,1,0
BRDA:224,18,0,0
BRDA:225,19,0,0
BRDA:225,19,1,0
BRF:38
BRH:0
end_of_record
TN:
SF:components/banking/account-summary-cards.tsx
FN:22,AccountSummaryCards
FN:23,(anonymous_2)
FN:41,(anonymous_3)
FN:45,(anonymous_4)
FN:45,(anonymous_5)
FN:49,(anonymous_6)
FN:53,(anonymous_7)
FN:53,(anonymous_8)
FN:69,(anonymous_9)
FN:87,(anonymous_10)
FN:87,(anonymous_11)
FNF:11
FNH:0
FNDA:0,AccountSummaryCards
FNDA:0,(anonymous_2)
FNDA:0,(anonymous_3)
FNDA:0,(anonymous_4)
FNDA:0,(anonymous_5)
FNDA:0,(anonymous_6)
FNDA:0,(anonymous_7)
FNDA:0,(anonymous_8)
FNDA:0,(anonymous_9)
FNDA:0,(anonymous_10)
FNDA:0,(anonymous_11)
DA:3,0
DA:4,0
DA:5,0
DA:22,0
DA:23,0
DA:24,0
DA:30,0
DA:41,0
DA:45,0
DA:49,0
DA:53,0
DA:66,0
DA:70,0
DA:87,0
DA:88,0
DA:89,0
LF:16
LH:0
BRDA:33,0,0,0
BRDA:33,0,1,0
BRDA:37,1,0,0
BRDA:37,1,1,0
BRDA:37,2,0,0
BRDA:37,2,1,0
BRDA:37,3,0,0
BRDA:37,3,1,0
BRDA:41,4,0,0
BRDA:41,4,1,0
BRDA:45,5,0,0
BRDA:45,5,1,0
BRDA:45,6,0,0
BRDA:45,6,1,0
BRDA:45,7,0,0
BRDA:45,7,1,0
BRDA:49,8,0,0
BRDA:49,8,1,0
BRDA:53,9,0,0
BRDA:53,9,1,0
BRDA:53,10,0,0
BRDA:53,10,1,0
BRDA:53,11,0,0
BRDA:53,11,1,0
BRDA:66,12,0,0
BRF:25
BRH:0
end_of_record
TN:
SF:components/banking/bank-account-card.tsx
FN:56,BankAccountCard
FN:67,(anonymous_3)
FN:98,(anonymous_4)
FN:151,(anonymous_5)
FN:176,(anonymous_6)
FN:268,(anonymous_7)
FN:273,(anonymous_8)
FN:280,(anonymous_9)
FN:288,(anonymous_10)
FN:298,(anonymous_11)
FN:398,(anonymous_12)
FN:408,(anonymous_13)
FN:417,(anonymous_14)
FNF:13
FNH:0
FNDA:0,BankAccountCard
FNDA:0,(anonymous_3)
FNDA:0,(anonymous_4)
FNDA:0,(anonymous_5)
FNDA:0,(anonymous_6)
FNDA:0,(anonymous_7)
FNDA:0,(anonymous_8)
FNDA:0,(anonymous_9)
FNDA:0,(anonymous_10)
FNDA:0,(anonymous_11)
FNDA:0,(anonymous_12)
FNDA:0,(anonymous_13)
FNDA:0,(anonymous_14)
DA:3,0
DA:4,0
DA:5,0
DA:7,0
DA:8,0
DA:10,0
DA:11,0
DA:12,0
DA:13,0
DA:20,0
DA:26,0
DA:43,0
DA:46,0
DA:56,0
DA:63,0
DA:64,0
DA:67,0
DA:68,0
DA:95,0
DA:98,0
DA:104,0
DA:148,0
DA:151,0
DA:152,0
DA:154,0
DA:155,0
DA:156,0
DA:157,0
DA:159,0
DA:160,0
DA:161,0
DA:162,0
DA:164,0
DA:172,0
DA:176,0
DA:177,0
DA:179,0
DA:180,0
DA:181,0
DA:184,0
DA:185,0
DA:186,0
DA:187,0
DA:188,0
DA:191,0
DA:192,0
DA:193,0
DA:194,0
DA:197,0
DA:268,0
DA:273,0
DA:280,0
DA:288,0
DA:298,0
DA:398,0
DA:408,0
DA:417,0
LF:57
LH:0
BRDA:95,0,0,0
BRDA:95,0,1,0
BRDA:148,1,0,0
BRDA:148,1,1,0
BRDA:148,2,0,0
BRDA:148,2,1,0
BRDA:152,3,0,0
BRDA:159,4,0,0
BRDA:159,4,1,0
BRDA:161,5,0,0
BRDA:161,5,1,0
BRDA:177,6,0,0
BRDA:184,7,0,0
BRDA:185,8,0,0
BRDA:186,9,0,0
BRDA:187,10,0,0
BRDA:203,11,0,0
BRDA:203,11,1,0
BRDA:204,12,0,0
BRDA:204,12,1,0
BRDA:205,13,0,0
BRDA:205,13,1,0
BRDA:215,14,0,0
BRDA:227,15,0,0
BRDA:246,16,0,0
BRDA:246,16,1,0
BRDA:251,17,0,0
BRDA:281,18,0,0
BRDA:281,18,1,0
BRDA:286,19,0,0
BRDA:323,20,0,0
BRDA:323,20,1,0
BRDA:323,21,0,0
BRDA:323,21,1,0
BRDA:343,22,0,0
BRDA:364,23,0,0
BRDA:380,24,0,0
BRDA:394,25,0,0
BRDA:411,26,0,0
BRDA:411,26,1,0
BRDA:412,27,0,0
BRDA:412,27,1,0
BRDA:426,28,0,0
BRDA:431,29,0,0
BRDA:431,29,1,0
BRDA:439,30,0,0
BRDA:439,30,1,0
BRDA:443,31,0,0
BRDA:443,31,1,0
BRDA:447,32,0,0
BRF:50
BRH:0
end_of_record
TN:
SF:components/banking/bank-connection-card.tsx
FN:49,BankConnectionCard
FN:59,(anonymous_2)
FN:123,(anonymous_3)
FN:129,(anonymous_4)
FN:136,(anonymous_5)
FN:143,(anonymous_6)
FN:183,(anonymous_7)
FNF:7
FNH:0
FNDA:0,BankConnectionCard
FNDA:0,(anonymous_2)
FNDA:0,(anonymous_3)
FNDA:0,(anonymous_4)
FNDA:0,(anonymous_5)
FNDA:0,(anonymous_6)
FNDA:0,(anonymous_7)
DA:3,0
DA:4,0
DA:5,0
DA:6,0
DA:12,0
DA:13,0
DA:23,0
DA:25,0
DA:27,0
DA:49,0
DA:57,0
DA:59,0
DA:60,0
DA:70,0
DA:80,0
DA:123,0
DA:129,0
DA:136,0
DA:143,0
DA:184,0
DA:185,0
LF:21
LH:0
BRDA:55,0,0,0
BRDA:70,1,0,0
BRDA:70,1,1,0
BRDA:80,2,0,0
BRDA:80,2,1,0
BRDA:86,3,0,0
BRDA:86,3,1,0
BRDA:92,4,0,0
BRDA:100,5,0,0
BRDA:100,5,1,0
BRDA:128,6,0,0
BRDA:135,7,0,0
BRDA:162,8,0,0
BRF:13
BRH:0
end_of_record
TN:
SF:components/banking/connect-bank-dialog.tsx
FN:28,ConnectBankDialog
FN:38,(anonymous_2)
FN:41,(anonymous_3)
FN:51,(anonymous_4)
FN:55,(anonymous_5)
FN:60,(anonymous_6)
FN:66,(anonymous_7)
FN:87,(anonymous_8)
FN:96,(anonymous_9)
FN:112,(anonymous_10)
FN:115,(anonymous_11)
FN:155,(anonymous_12)
FNF:12
FNH:0
FNDA:0,ConnectBankDialog
FNDA:0,(anonymous_2)
FNDA:0,(anonymous_3)
FNDA:0,(anonymous_4)
FNDA:0,(anonymous_5)
FNDA:0,(anonymous_6)
FNDA:0,(anonymous_7)
FNDA:0,(anonymous_8)
FNDA:0,(anonymous_9)
FNDA:0,(anonymous_10)
FNDA:0,(anonymous_11)
FNDA:0,(anonymous_12)
DA:3,0
DA:4,0
DA:11,0
DA:12,0
DA:13,0
DA:14,0
DA:15,0
DA:16,0
DA:17,0
DA:18,0
DA:20,0
DA:28,0
DA:33,0
DA:34,0
DA:36,0
DA:39,0
DA:40,0
DA:41,0
DA:42,0
DA:45,0
DA:50,0
DA:52,0
DA:53,0
DA:56,0
DA:60,0
DA:61,0
DA:62,0
DA:66,0
DA:67,0
DA:87,0
DA:97,0
DA:113,0
DA:115,0
DA:155,0
LF:34
LH:0
BRDA:40,0,0,0
BRDA:61,1,0,0
BRDA:66,2,0,0
BRDA:66,2,1,0
BRDA:95,3,0,0
BRDA:104,4,0,0
BRDA:107,5,0,0
BRDA:107,5,1,0
BRDA:118,6,0,0
BRDA:118,6,1,0
BRDA:124,7,0,0
BRDA:132,8,0,0
BRDA:132,8,1,0
BRDA:162,9,0,0
BRDA:162,9,1,0
BRDA:164,10,0,0
BRDA:164,10,1,0
BRF:17
BRH:0
end_of_record
TN:
SF:components/banking/mfa-dialog.tsx
FN:25,MFADialog
FN:34,(anonymous_2)
FN:66,(anonymous_3)
FN:83,(anonymous_4)
FNF:4
FNH:0
FNDA:0,MFADialog
FNDA:0,(anonymous_2)
FNDA:0,(anonymous_3)
FNDA:0,(anonymous_4)
DA:3,0
DA:4,0
DA:12,0
DA:13,0
DA:14,0
DA:15,0
DA:25,0
DA:32,0
DA:34,0
DA:35,0
DA:36,0
DA:37,0
DA:66,0
DA:83,0
LF:14
LH:0
BRDA:29,0,0,0
BRDA:30,1,0,0
BRDA:36,2,0,0
BRDA:90,3,0,0
BRDA:90,3,1,0
BRDA:92,4,0,0
BRDA:92,4,1,0
BRF:7
BRH:0
end_of_record
TN:
SF:components/billing/billing-history-dialog.tsx
FN:34,BillingHistoryDialog
FN:44,(anonymous_2)
FN:62,(anonymous_3)
FN:87,(anonymous_4)
FN:96,(anonymous_5)
FN:98,(anonymous_6)
FN:139,(anonymous_7)
FN:149,(anonymous_8)
FN:179,(anonymous_9)
FN:223,(anonymous_10)
FN:251,(anonymous_11)
FN:252,(anonymous_12)
FNF:12
FNH:0
FNDA:0,BillingHistoryDialog
FNDA:0,(anonymous_2)
FNDA:0,(anonymous_3)
FNDA:0,(anonymous_4)
FNDA:0,(anonymous_5)
FNDA:0,(anonymous_6)
FNDA:0,(anonymous_7)
FNDA:0,(anonymous_8)
FNDA:0,(anonymous_9)
FNDA:0,(anonymous_10)
FNDA:0,(anonymous_11)
FNDA:0,(anonymous_12)
DA:3,0
DA:4,0
DA:5,0
DA:12,0
DA:13,0
DA:14,0
DA:15,0
DA:16,0
DA:17,0
DA:18,0
DA:19,0
DA:26,0
DA:34,0
DA:38,0
DA:39,0
DA:42,0
DA:45,0
DA:50,0
DA:51,0
DA:54,0
DA:55,0
DA:57,0
DA:62,0
DA:63,0
DA:81,0
DA:85,0
DA:87,0
DA:88,0
DA:89,0
DA:90,0
DA:92,0
DA:96,0
DA:98,0
DA:99,0
DA:102,0
DA:103,0
DA:104,0
DA:105,0
DA:106,0
DA:107,0
DA:108,0
DA:109,0
DA:139,0
DA:149,0
DA:180,0
DA:182,0
DA:223,0
DA:251,0
DA:252,0
LF:49
LH:0
BRDA:46,0,0,0
BRDA:46,0,1,0
BRDA:47,1,0,0
BRDA:47,1,1,0
BRDA:50,2,0,0
BRDA:54,3,0,0
BRDA:54,4,0,0
BRDA:54,4,1,0
BRDA:54,4,2,0
BRDA:54,4,3,0
BRDA:81,5,0,0
BRDA:81,5,1,0
BRDA:126,6,0,0
BRDA:173,7,0,0
BRDA:173,7,1,0
BRDA:219,8,0,0
BRDA:219,8,1,0
BRDA:239,9,0,0
BRDA:239,9,1,0
BRF:19
BRH:0
end_of_record
TN:
SF:components/billing/payment-methods-dialog.tsx
FN:37,PaymentMethodsDialog
FN:56,(anonymous_2)
FN:73,(anonymous_3)
FN:79,(anonymous_4)
FN:86,(anonymous_5)
FN:90,(anonymous_6)
FN:97,(anonymous_7)
FN:101,(anonymous_8)
FN:106,(anonymous_9)
FN:119,(anonymous_10)
FN:126,(anonymous_11)
FN:133,(anonymous_12)
FN:140,(anonymous_13)
FN:156,(anonymous_14)
FN:193,(anonymous_15)
FN:214,(anonymous_16)
FN:229,(anonymous_17)
FN:242,(anonymous_18)
FN:255,(anonymous_19)
FN:270,(anonymous_20)
FN:291,(anonymous_21)
FN:304,(anonymous_22)
FN:336,(anonymous_23)
FN:347,(anonymous_24)
FN:383,(anonymous_25)
FNF:25
FNH:0
FNDA:0,PaymentMethodsDialog
FNDA:0,(anonymous_2)
FNDA:0,(anonymous_3)
FNDA:0,(anonymous_4)
FNDA:0,(anonymous_5)
FNDA:0,(anonymous_6)
FNDA:0,(anonymous_7)
FNDA:0,(anonymous_8)
FNDA:0,(anonymous_9)
FNDA:0,(anonymous_10)
FNDA:0,(anonymous_11)
FNDA:0,(anonymous_12)
FNDA:0,(anonymous_13)
FNDA:0,(anonymous_14)
FNDA:0,(anonymous_15)
FNDA:0,(anonymous_16)
FNDA:0,(anonymous_17)
FNDA:0,(anonymous_18)
FNDA:0,(anonymous_19)
FNDA:0,(anonymous_20)
FNDA:0,(anonymous_21)
FNDA:0,(anonymous_22)
FNDA:0,(anonymous_23)
FNDA:0,(anonymous_24)
FNDA:0,(anonymous_25)
DA:3,0
DA:4,0
DA:5,0
DA:6,0
DA:15,0
DA:16,0
DA:17,0
DA:18,0
DA:19,0
DA:20,0
DA:21,0
DA:28,0
DA:29,0
DA:37,0
DA:41,0
DA:42,0
DA:43,0
DA:51,0
DA:54,0
DA:57,0
DA:59,0
DA:60,0
DA:63,0
DA:64,0
DA:66,0
DA:71,0
DA:74,0
DA:75,0
DA:76,0
DA:77,0
DA:80,0
DA:84,0
DA:87,0
DA:88,0
DA:91,0
DA:95,0
DA:98,0
DA:99,0
DA:102,0
DA:106,0
DA:107,0
DA:109,0
DA:111,0
DA:113,0
DA:115,0
DA:119,0
DA:120,0
DA:121,0
DA:123,0
DA:126,0
DA:127,0
DA:128,0
DA:130,0
DA:133,0
DA:134,0
DA:135,0
DA:137,0
DA:140,0
DA:141,0
DA:142,0
DA:143,0
DA:146,0
DA:156,0
DA:157,0
DA:158,0
DA:159,0
DA:160,0
DA:161,0
DA:162,0
DA:164,0
DA:165,0
DA:167,0
DA:193,0
DA:214,0
DA:229,0
DA:242,0
DA:255,0
DA:270,0
DA:291,0
DA:305,0
DA:336,0
DA:347,0
DA:383,0
LF:83
LH:0
BRDA:59,0,0,0
BRDA:63,1,0,0
BRDA:63,2,0,0
BRDA:63,2,1,0
BRDA:63,2,2,0
BRDA:63,2,3,0
BRDA:80,3,0,0
BRDA:80,3,1,0
BRDA:91,4,0,0
BRDA:91,4,1,0
BRDA:102,5,0,0
BRDA:102,5,1,0
BRDA:107,6,0,0
BRDA:107,6,1,0
BRDA:107,6,2,0
BRDA:107,6,3,0
BRDA:120,7,0,0
BRDA:127,8,0,0
BRDA:134,9,0,0
BRDA:141,10,0,0
BRDA:141,11,0,0
BRDA:141,11,1,0
BRDA:141,11,2,0
BRDA:141,11,3,0
BRDA:159,12,0,0
BRDA:159,12,1,0
BRDA:159,12,2,0
BRDA:164,13,0,0
BRDA:164,13,1,0
BRDA:185,14,0,0
BRDA:191,15,0,0
BRDA:203,16,0,0
BRDA:283,17,0,0
BRDA:283,17,1,0
BRDA:318,18,0,0
BRDA:332,19,0,0
BRDA:348,20,0,0
BRDA:348,20,1,0
BRDA:360,21,0,0
BRDA:377,22,0,0
BRF:40
BRH:0
end_of_record
TN:
SF:components/billing/upgrade-plan-dialog.tsx
FN:30,UpgradePlanDialog
FN:41,(anonymous_2)
FN:47,(anonymous_3)
FN:49,(anonymous_4)
FN:57,(anonymous_5)
FN:62,(anonymous_6)
FN:75,(anonymous_7)
FN:81,(anonymous_8)
FN:88,(anonymous_9)
FN:123,(anonymous_10)
FN:130,(anonymous_11)
FN:142,(anonymous_12)
FN:161,(anonymous_13)
FN:316,(anonymous_14)
FN:340,(anonymous_15)
FN:357,(anonymous_16)
FNF:16
FNH:0
FNDA:0,UpgradePlanDialog
FNDA:0,(anonymous_2)
FNDA:0,(anonymous_3)
FNDA:0,(anonymous_4)
FNDA:0,(anonymous_5)
FNDA:0,(anonymous_6)
FNDA:0,(anonymous_7)
FNDA:0,(anonymous_8)
FNDA:0,(anonymous_9)
FNDA:0,(anonymous_10)
FNDA:0,(anonymous_11)
FNDA:0,(anonymous_12)
FNDA:0,(anonymous_13)
FNDA:0,(anonymous_14)
FNDA:0,(anonymous_15)
FNDA:0,(anonymous_16)
DA:3,0
DA:4,0
DA:5,0
DA:13,0
DA:14,0
DA:15,0
DA:16,0
DA:17,0
DA:18,0
DA:19,0
DA:20,0
DA:22,0
DA:30,0
DA:35,0
DA:36,0
DA:39,0
DA:41,0
DA:46,0
DA:48,0
DA:51,0
DA:52,0
DA:54,0
DA:58,0
DA:62,0
DA:63,0
DA:64,0
DA:65,0
DA:69,0
DA:75,0
DA:76,0
DA:77,0
DA:78,0
DA:81,0
DA:82,0
DA:83,0
DA:84,0
DA:85,0
DA:88,0
DA:89,0
DA:90,0
DA:91,0
DA:92,0
DA:123,0
DA:130,0
DA:143,0
DA:144,0
DA:145,0
DA:146,0
DA:149,0
DA:151,0
DA:161,0
DA:317,0
DA:318,0
DA:341,0
DA:342,0
DA:343,0
DA:357,0
LF:57
LH:0
BRDA:51,0,0,0
BRDA:51,0,1,0
BRDA:58,1,0,0
BRDA:58,1,1,0
BRDA:63,2,0,0
BRDA:76,3,0,0
BRDA:76,3,1,0
BRDA:77,4,0,0
BRDA:77,4,1,0
BRDA:78,5,0,0
BRDA:78,5,1,0
BRDA:82,6,0,0
BRDA:82,6,1,0
BRDA:83,7,0,0
BRDA:83,7,1,0
BRDA:89,8,0,0
BRDA:90,9,0,0
BRDA:90,9,1,0
BRDA:91,10,0,0
BRDA:91,10,1,0
BRDA:104,11,0,0
BRDA:114,12,0,0
BRDA:122,13,0,0
BRDA:122,13,1,0
BRDA:129,14,0,0
BRDA:129,14,1,0
BRDA:146,15,0,0
BRDA:146,15,1,0
BRDA:149,16,0,0
BRDA:149,17,0,0
BRDA:149,17,1,0
BRDA:149,17,2,0
BRDA:155,18,0,0
BRDA:155,18,1,0
BRDA:157,19,0,0
BRDA:157,19,1,0
BRDA:161,20,0,0
BRDA:161,20,1,0
BRDA:163,21,0,0
BRDA:175,22,0,0
BRDA:175,22,1,0
BRDA:176,23,0,0
BRDA:176,23,1,0
BRDA:177,24,0,0
BRDA:177,24,1,0
BRDA:185,25,0,0
BRDA:185,25,1,0
BRDA:187,26,0,0
BRDA:187,26,1,0
BRDA:196,27,0,0
BRDA:233,28,0,0
BRDA:274,29,0,0
BRDA:312,30,0,0
BRDA:315,31,0,0
BRDA:315,31,1,0
BRDA:321,32,0,0
BRDA:321,32,1,0
BRDA:332,33,0,0
BRDA:337,34,0,0
BRDA:337,34,1,0
BRDA:338,35,0,0
BRDA:341,36,0,0
BRDA:341,36,1,0
BRDA:342,37,0,0
BRDA:342,37,1,0
BRDA:364,38,0,0
BRDA:364,38,1,0
BRDA:366,39,0,0
BRDA:366,39,1,0
BRF:69
BRH:0
end_of_record
TN:
SF:components/billing/usage-limits.tsx
FN:20,UsageLimitsCard
FN:26,(anonymous_2)
FN:35,(anonymous_3)
FN:47,(anonymous_4)
FN:54,(anonymous_5)
FN:91,(anonymous_6)
FN:108,(anonymous_7)
FN:166,(anonymous_8)
FNF:8
FNH:0
FNDA:0,UsageLimitsCard
FNDA:0,(anonymous_2)
FNDA:0,(anonymous_3)
FNDA:0,(anonymous_4)
FNDA:0,(anonymous_5)
FNDA:0,(anonymous_6)
FNDA:0,(anonymous_7)
FNDA:0,(anonymous_8)
DA:3,0
DA:4,0
DA:5,0
DA:6,0
DA:7,0
DA:8,0
DA:14,0
DA:16,0
DA:17,0
DA:18,0
DA:20,0
DA:21,0
DA:22,0
DA:24,0
DA:26,0
DA:30,0
DA:36,0
DA:47,0
DA:48,0
DA:49,0
DA:50,0
DA:51,0
DA:54,0
DA:55,0
DA:56,0
DA:57,0
DA:58,0
DA:61,0
DA:91,0
DA:109,0
DA:110,0
DA:112,0
DA:166,0
LF:33
LH:0
BRDA:30,0,0,0
BRDA:30,1,0,0
BRDA:30,1,1,0
BRDA:48,2,0,0
BRDA:49,3,0,0
BRDA:50,4,0,0
BRDA:55,5,0,0
BRDA:56,6,0,0
BRDA:57,7,0,0
BRDA:91,8,0,0
BRDA:91,8,1,0
BRDA:98,9,0,0
BRDA:121,10,0,0
BRDA:123,11,0,0
BRDA:123,11,1,0
BRDA:142,12,0,0
BRDA:157,13,0,0
BRF:17
BRH:0
end_of_record
TN:
SF:components/charts/CashFlowChart.tsx
FN:29,(anonymous_4)
FN:63,(anonymous_5)
FN:70,(anonymous_6)
FN:73,(anonymous_7)
FN:74,(anonymous_8)
FNF:5
FNH:0
FNDA:0,(anonymous_4)
FNDA:0,(anonymous_5)
FNDA:0,(anonymous_6)
FNDA:0,(anonymous_7)
FNDA:0,(anonymous_8)
DA:1,0
DA:12,0
DA:13,0
DA:14,0
DA:29,0
DA:30,0
DA:38,0
DA:64,0
DA:65,0
DA:70,0
DA:73,0
DA:75,0
DA:76,0
DA:109,0
DA:111,0
LF:15
LH:0
BRDA:29,0,0,0
BRDA:29,1,0,0
BRDA:30,2,0,0
BRDA:38,3,0,0
BRDA:38,4,0,0
BRDA:38,4,1,0
BRF:6
BRH:0
end_of_record
TN:
SF:components/charts/CategoryPieChart.tsx
FN:43,(anonymous_4)
FN:116,(anonymous_5)
FN:124,(anonymous_6)
FN:145,(anonymous_7)
FN:165,(anonymous_8)
FN:170,(anonymous_9)
FN:181,(anonymous_10)
FN:182,(anonymous_11)
FNF:8
FNH:0
FNDA:0,(anonymous_4)
FNDA:0,(anonymous_5)
FNDA:0,(anonymous_6)
FNDA:0,(anonymous_7)
FNDA:0,(anonymous_8)
FNDA:0,(anonymous_9)
FNDA:0,(anonymous_10)
FNDA:0,(anonymous_11)
DA:1,0
DA:10,0
DA:11,0
DA:12,0
DA:30,0
DA:43,0
DA:44,0
DA:57,0
DA:58,0
DA:59,0
DA:60,0
DA:61,0
DA:62,0
DA:63,0
DA:64,0
DA:65,0
DA:66,0
DA:116,0
DA:122,0
DA:124,0
DA:125,0
DA:128,0
DA:136,0
DA:145,0
DA:166,0
DA:170,0
DA:182,0
DA:183,0
DA:192,0
DA:194,0
LF:30
LH:0
BRDA:64,0,0,0
BRDA:64,0,1,0
BRDA:66,1,0,0
BRDA:66,1,1,0
BRDA:94,2,0,0
BRDA:94,2,1,0
BRDA:103,3,0,0
BRDA:103,3,1,0
BRDA:118,4,0,0
BRDA:119,5,0,0
BRDA:120,6,0,0
BRDA:128,7,0,0
BRDA:136,8,0,0
BRDA:136,9,0,0
BRDA:136,9,1,0
BRDA:177,10,0,0
BRF:16
BRH:0
end_of_record
TN:
SF:components/charts/IncomeExpenseChart.tsx
FN:29,(anonymous_4)
FN:47,(anonymous_5)
FN:68,(anonymous_6)
FN:71,(anonymous_7)
FNF:4
FNH:0
FNDA:0,(anonymous_4)
FNDA:0,(anonymous_5)
FNDA:0,(anonymous_6)
FNDA:0,(anonymous_7)
DA:1,0
DA:12,0
DA:13,0
DA:14,0
DA:29,0
DA:30,0
DA:38,0
DA:47,0
DA:68,0
DA:71,0
DA:104,0
DA:106,0
LF:12
LH:0
BRDA:29,0,0,0
BRDA:29,1,0,0
BRDA:30,2,0,0
BRDA:38,3,0,0
BRDA:38,4,0,0
BRDA:38,4,1,0
BRF:6
BRH:0
end_of_record
TN:
SF:components/charts/index.ts
FNF:0
FNH:0
DA:1,0
DA:2,0
DA:3,0
LF:3
LH:0
BRF:0
BRH:0
end_of_record
TN:
SF:components/error-boundaries/GlobalErrorBoundary.tsx
FN:28,GlobalErrorFallback
FN:29,(anonymous_7)
FN:33,(anonymous_8)
FN:37,(anonymous_9)
FN:121,(anonymous_10)
FN:152,(anonymous_11)
FN:187,(anonymous_12)
FN:195,(anonymous_13)
FN:126,(anonymous_14)
FN:137,(anonymous_15)
FN:199,(anonymous_16)
FNF:11
FNH:0
FNDA:0,GlobalErrorFallback
FNDA:0,(anonymous_7)
FNDA:0,(anonymous_8)
FNDA:0,(anonymous_9)
FNDA:0,(anonymous_10)
FNDA:0,(anonymous_11)
FNDA:0,(anonymous_12)
FNDA:0,(anonymous_13)
FNDA:0,(anonymous_14)
FNDA:0,(anonymous_15)
FNDA:0,(anonymous_16)
DA:3,0
DA:4,0
DA:5,0
DA:6,0
DA:7,0
DA:29,0
DA:30,0
DA:33,0
DA:34,0
DA:37,0
DA:38,0
DA:39,0
DA:49,0
DA:120,0
DA:122,0
DA:123,0
DA:128,0
DA:130,0
DA:139,0
DA:142,0
DA:143,0
DA:147,0
DA:148,0
DA:152,0
DA:153,0
DA:173,0
DA:181,0
DA:183,0
DA:188,0
DA:195,0
DA:196,0
DA:200,0
DA:202,0
DA:203,0
DA:215,0
DA:219,0
LF:36
LH:0
BRDA:41,0,0,0
BRDA:41,0,1,0
BRDA:73,1,0,0
BRDA:168,2,0,0
BRDA:168,2,1,0
BRDA:142,3,0,0
BRDA:147,4,0,0
[...]
BRDA:67,6,1,0
BRDA:108,7,0,0
BRDA:109,8,0,0
BRDA:116,9,0,0
BRDA:117,10,0,0
BRDA:117,10,1,0
BRDA:120,11,0,0
BRDA:124,12,0,0
BRDA:194,13,0,0
BRDA:229,14,0,0
BRDA:229,14,1,0
BRDA:260,15,0,0
BRDA:260,15,1,0
BRDA:261,16,0,0
BRDA:261,16,1,0
BRDA:264,17,0,0
BRDA:275,18,0,0
BRDA:308,19,0,0
BRDA:308,19,1,0
BRDA:314,20,0,0
BRDA:345,21,0,0
BRDA:349,22,0,0
BRDA:353,23,0,0
BRDA:353,24,0,0
BRDA:353,24,1,0
BRDA:358,25,0,0
BRDA:358,25,1,0
BRDA:358,26,0,0
BRDA:358,26,1,0
BRDA:361,27,0,0
BRDA:365,28,0,0
BRDA:372,29,0,0
BRDA:386,30,0,0
BRDA:391,31,0,0
BRDA:400,32,0,0
BRDA:400,33,0,0
BRDA:400,33,1,0
BRDA:400,33,2,0
BRF:49
BRH:0
end_of_record
TN:
SF:services/rules.service.ts
FN:69,(anonymous_1)
FN:78,(anonymous_2)
FN:82,(anonymous_3)
FN:86,(anonymous_4)
FN:90,(anonymous_5)
FN:94,(anonymous_6)
FN:98,(anonymous_7)
FN:102,(anonymous_8)
FN:107,(anonymous_9)
FN:114,(anonymous_10)
FN:120,(anonymous_11)
FN:133,(anonymous_12)
FN:140,(anonymous_13)
FN:146,(anonymous_14)
FNF:14
FNH:0
FNDA:0,(anonymous_1)
FNDA:0,(anonymous_2)
FNDA:0,(anonymous_3)
FNDA:0,(anonymous_4)
FNDA:0,(anonymous_5)
FNDA:0,(anonymous_6)
FNDA:0,(anonymous_7)
FNDA:0,(anonymous_8)
FNDA:0,(anonymous_9)
FNDA:0,(anonymous_10)
FNDA:0,(anonymous_11)
FNDA:0,(anonymous_12)
FNDA:0,(anonymous_13)
FNDA:0,(anonymous_14)
DA:2,0
DA:67,0
DA:70,0
DA:72,0
DA:73,0
DA:75,0
DA:79,0
DA:83,0
DA:87,0
DA:91,0
DA:95,0
DA:99,0
DA:103,0
DA:108,0
DA:114,0
DA:121,0
DA:134,0
DA:140,0
DA:147,0
DA:160,0
LF:20
LH:0
BRDA:72,0,0,0
BRDA:72,1,0,0
BRDA:72,1,1,0
BRDA:72,1,2,0
BRDA:73,2,0,0
BRDA:73,2,1,0
BRDA:75,3,0,0
BRDA:75,3,1,0
BRDA:90,4,0,0
BRDA:94,5,0,0
BRDA:107,6,0,0
BRDA:120,7,0,0
BRDA:133,8,0,0
BRDA:146,9,0,0
BRF:14
BRH:0
end_of_record
TN:
SF:services/unified-subscription.service.ts
FN:136,(anonymous_3)
FN:143,(anonymous_4)
FN:150,(anonymous_5)
FN:157,(anonymous_6)
FN:168,(anonymous_7)
FN:175,(anonymous_8)
FN:184,(anonymous_9)
FN:191,(anonymous_10)
FN:198,(anonymous_11)
FN:205,(anonymous_12)
FN:212,(anonymous_13)
FN:219,(anonymous_14)
FN:230,(anonymous_15)
FN:246,(anonymous_16)
FN:254,(anonymous_17)
FNF:15
FNH:0
FNDA:0,(anonymous_3)
FNDA:0,(anonymous_4)
FNDA:0,(anonymous_5)
FNDA:0,(anonymous_6)
FNDA:0,(anonymous_7)
FNDA:0,(anonymous_8)
FNDA:0,(anonymous_9)
FNDA:0,(anonymous_10)
FNDA:0,(anonymous_11)
FNDA:0,(anonymous_12)
FNDA:0,(anonymous_13)
FNDA:0,(anonymous_14)
FNDA:0,(anonymous_15)
FNDA:0,(anonymous_16)
FNDA:0,(anonymous_17)
DA:10,0
DA:137,0
DA:144,0
DA:151,0
DA:158,0
DA:169,0
DA:176,0
DA:185,0
DA:192,0
DA:199,0
DA:206,0
DA:213,0
DA:220,0
DA:231,0
DA:233,0
DA:235,0
DA:237,0
DA:239,0
DA:247,0
DA:248,0
DA:255,0
DA:256,0
DA:257,0
DA:262,0
DA:263,0
LF:25
LH:0
BRDA:231,0,0,0
BRDA:233,1,0,0
BRDA:233,1,1,0
BRDA:233,1,2,0
BRDA:255,2,0,0
BRDA:256,3,0,0
BRF:6
BRH:0
end_of_record
TN:
SF:store/auth-store.ts
FN:27,(anonymous_2)
FN:34,(anonymous_3)
FN:55,(anonymous_4)
FN:70,(anonymous_5)
FN:95,(anonymous_6)
FN:122,(anonymous_7)
FN:134,(anonymous_8)
FN:136,(anonymous_9)
FN:143,(anonymous_10)
FN:163,(anonymous_11)
FN:171,(anonymous_12)
FN:173,(anonymous_13)
FN:174,(anonymous_14)
FN:175,(anonymous_15)
FN:178,(anonymous_16)
FN:182,(anonymous_17)
FN:182,(anonymous_18)
FNF:17
FNH:6
FNDA:2,(anonymous_2)
FNDA:0,(anonymous_3)
FNDA:0,(anonymous_4)
FNDA:0,(anonymous_5)
FNDA:0,(anonymous_6)
FNDA:0,(anonymous_7)
FNDA:0,(anonymous_8)
FNDA:0,(anonymous_9)
FNDA:0,(anonymous_10)
FNDA:2,(anonymous_11)
FNDA:2,(anonymous_12)
FNDA:0,(anonymous_13)
FNDA:0,(anonymous_14)
FNDA:0,(anonymous_15)
FNDA:2,(anonymous_16)
FNDA:2,(anonymous_17)
FNDA:2,(anonymous_18)
DA:1,2
DA:2,2
DA:3,2
DA:25,2
DA:27,2
DA:35,0
DA:36,0
DA:37,0
DA:39,0
DA:40,0
DA:43,0
DA:44,0
DA:47,0
DA:51,0
DA:56,0
DA:57,0
DA:58,0
DA:60,0
DA:62,0
DA:66,0
DA:71,0
DA:72,0
DA:73,0
DA:77,0
DA:78,0
DA:79,0
DA:82,0
DA:83,0
DA:86,0
DA:96,0
DA:97,0
DA:98,0
DA:99,0
DA:107,0
DA:109,0
DA:110,0
DA:113,0
DA:118,0
DA:123,0
DA:124,0
DA:125,0
DA:126,0
DA:129,0
DA:134,0
DA:137,0
DA:138,0
DA:139,0
DA:146,0
DA:147,0
DA:148,0
DA:151,0
DA:152,0
DA:155,0
DA:164,2
DA:172,2
DA:173,0
DA:178,2
DA:182,2
DA:183,2
LF:59
LH:10
BRDA:39,0,0,0
BRDA:39,0,1,0
BRDA:39,1,0,0
BRDA:39,1,1,0
BRDA:48,2,0,0
BRDA:48,2,1,0
BRDA:63,3,0,0
BRDA:63,3,1,0
BRDA:77,4,0,0
BRDA:107,5,0,0
BRDA:124,6,0,0
BRDA:124,7,0,0
BRDA:124,7,1,0
BRDA:138,8,0,0
BRDA:146,9,0,0
BRDA:172,10,0,2
BRDA:172,10,1,0
BRF:17
BRH:1
end_of_record
TN:
SF:store/banking-store.ts
FN:97,(anonymous_1)
FN:102,(anonymous_2)
FN:118,(anonymous_3)
FN:132,(anonymous_4)
FN:146,(anonymous_5)
FN:150,(anonymous_6)
FN:151,(anonymous_7)
FN:153,(anonymous_8)
FN:153,(anonymous_9)
FN:164,(anonymous_10)
FN:178,(anonymous_11)
FN:187,(anonymous_12)
FN:206,(anonymous_13)
FN:218,(anonymous_14)
FN:231,(anonymous_15)
FN:261,(anonymous_16)
FN:270,(anonymous_17)
FN:271,(anonymous_18)
FN:281,(anonymous_19)
FN:293,(anonymous_20)
FN:294,(anonymous_21)
FN:307,(anonymous_22)
FN:308,(anonymous_23)
FN:316,(anonymous_24)
FN:323,(anonymous_25)
FN:332,(anonymous_26)
FN:335,(anonymous_27)
FN:344,(anonymous_28)
FN:347,(anonymous_29)
FN:348,(anonymous_30)
FN:358,(anonymous_31)
FN:361,(anonymous_32)
FN:362,(anonymous_33)
FN:372,(anonymous_34)
FN:373,(anonymous_35)
FN:378,(anonymous_36)
FN:379,(anonymous_37)
FN:380,(anonymous_38)
FN:384,(anonymous_39)
FN:388,(anonymous_40)
FN:389,(anonymous_41)
FN:391,(anonymous_42)
FN:392,(anonymous_43)
FN:398,(anonymous_44)
FNF:44
FNH:0
FNDA:0,(anonymous_1)
FNDA:0,(anonymous_2)
FNDA:0,(anonymous_3)
FNDA:0,(anonymous_4)
FNDA:0,(anonymous_5)
FNDA:0,(anonymous_6)
FNDA:0,(anonymous_7)
FNDA:0,(anonymous_8)
FNDA:0,(anonymous_9)
FNDA:0,(anonymous_10)
FNDA:0,(anonymous_11)
FNDA:0,(anonymous_12)
FNDA:0,(anonymous_13)
FNDA:0,(anonymous_14)
FNDA:0,(anonymous_15)
FNDA:0,(anonymous_16)
FNDA:0,(anonymous_17)
FNDA:0,(anonymous_18)
FNDA:0,(anonymous_19)
FNDA:0,(anonymous_20)
FNDA:0,(anonymous_21)
FNDA:0,(anonymous_22)
FNDA:0,(anonymous_23)
FNDA:0,(anonymous_24)
FNDA:0,(anonymous_25)
FNDA:0,(anonymous_26)
FNDA:0,(anonymous_27)
FNDA:0,(anonymous_28)
FNDA:0,(anonymous_29)
FNDA:0,(anonymous_30)
FNDA:0,(anonymous_31)
FNDA:0,(anonymous_32)
FNDA:0,(anonymous_33)
FNDA:0,(anonymous_34)
FNDA:0,(anonymous_35)
FNDA:0,(anonymous_36)
FNDA:0,(anonymous_37)
FNDA:0,(anonymous_38)
FNDA:0,(anonymous_39)
FNDA:0,(anonymous_40)
FNDA:0,(anonymous_41)
FNDA:0,(anonymous_42)
FNDA:0,(anonymous_43)
FNDA:0,(anonymous_44)
DA:4,0
DA:5,0
DA:16,0
DA:55,0
DA:95,0
DA:97,0
DA:103,0
DA:105,0
DA:106,0
DA:107,0
DA:109,0
DA:119,0
DA:121,0
DA:122,0
DA:123,0
DA:125,0
DA:133,0
DA:134,0
DA:136,0
DA:141,0
DA:142,0
DA:147,0
DA:148,0
DA:150,0
DA:151,0
DA:153,0
DA:157,0
DA:158,0
DA:165,0
DA:167,0
DA:168,0
DA:169,0
DA:171,0
DA:179,0
DA:182,0
DA:183,0
DA:189,0
DA:191,0
DA:192,0
DA:195,0
DA:196,0
DA:199,0
DA:200,0
DA:202,0
DA:204,0
DA:206,0
DA:213,0
DA:215,0
DA:216,0
DA:218,0
DA:222,0
DA:225,0
DA:232,0
DA:234,0
DA:236,0
DA:237,0
DA:243,0
DA:254,0
DA:262,0
DA:263,0
DA:270,0
DA:272,0
DA:276,0
DA:277,0
DA:285,0
DA:286,0
DA:291,0
DA:293,0
DA:295,0
DA:302,0
DA:303,0
DA:308,0
DA:313,0
DA:317,0
DA:318,0
DA:324,0
DA:325,0
DA:326,0
DA:328,0
DA:333,0
DA:334,0
DA:335,0
DA:339,0
DA:340,0
DA:345,0
DA:346,0
DA:347,0
DA:349,0
DA:353,0
DA:354,0
DA:359,0
DA:360,0
DA:361,0
DA:362,0
DA:365,0
DA:366,0
DA:373,0
DA:379,0
DA:380,0
DA:385,0
DA:389,0
DA:391,0
DA:392,0
DA:399,0
LF:104
LH:0
BRDA:110,0,0,0
BRDA:110,0,1,0
BRDA:126,1,0,0
BRDA:126,1,1,0
BRDA:172,2,0,0
BRDA:172,2,1,0
BRDA:182,3,0,0
BRDA:195,4,0,0
BRDA:195,4,1,0
BRDA:199,5,0,0
BRDA:202,6,0,0
BRDA:206,7,0,0
BRDA:206,7,1,0
BRDA:207,8,0,0
BRDA:207,8,1,0
BRDA:218,9,0,0
BRDA:218,9,1,0
BRDA:219,10,0,0
BRDA:219,10,1,0
BRDA:231,11,0,0
BRDA:255,12,0,0
BRDA:255,12,1,0
BRDA:272,13,0,0
BRDA:272,13,1,0
BRDA:291,14,0,0
BRDA:295,15,0,0
BRDA:295,15,1,0
BRDA:349,16,0,0
BRDA:349,16,1,0
BRDA:390,17,0,0
BRDA:390,17,1,0
BRF:31
BRH:0
end_of_record
TN:
SF:store/ui-store.ts
FN:37,(anonymous_1)
FN:42,(anonymous_2)
FN:50,(anonymous_3)
FN:69,(anonymous_4)
FN:70,(anonymous_5)
FN:71,(anonymous_6)
FN:75,(anonymous_7)
FN:76,(anonymous_8)
FN:79,(anonymous_9)
FN:80,(anonymous_10)
FN:83,(anonymous_11)
FN:87,(anonymous_12)
FN:88,(anonymous_13)
FN:91,(anonymous_14)
FN:95,(anonymous_15)
FN:96,(anonymous_16)
FN:97,(anonymous_17)
FN:98,(anonymous_18)
FN:99,(anonymous_19)
FN:103,(anonymous_20)
FN:109,(anonymous_21)
FN:111,(anonymous_22)
FN:112,(anonymous_23)
FN:113,(anonymous_24)
FN:116,(anonymous_25)
FN:120,(anonymous_26)
FN:120,(anonymous_27)
FNF:27
FNH:0
FNDA:0,(anonymous_1)
FNDA:0,(anonymous_2)
FNDA:0,(anonymous_3)
FNDA:0,(anonymous_4)
FNDA:0,(anonymous_5)
FNDA:0,(anonymous_6)
FNDA:0,(anonymous_7)
FNDA:0,(anonymous_8)
FNDA:0,(anonymous_9)
FNDA:0,(anonymous_10)
FNDA:0,(anonymous_11)
FNDA:0,(anonymous_12)
FNDA:0,(anonymous_13)
FNDA:0,(anonymous_14)
FNDA:0,(anonymous_15)
FNDA:0,(anonymous_16)
FNDA:0,(anonymous_17)
FNDA:0,(anonymous_18)
FNDA:0,(anonymous_19)
FNDA:0,(anonymous_20)
FNDA:0,(anonymous_21)
FNDA:0,(anonymous_22)
FNDA:0,(anonymous_23)
FNDA:0,(anonymous_24)
FNDA:0,(anonymous_25)
FNDA:0,(anonymous_26)
FNDA:0,(anonymous_27)
DA:1,0
DA:2,0
DA:35,0
DA:37,0
DA:43,0
DA:45,0
DA:46,0
DA:51,0
DA:53,0
DA:54,0
DA:56,0
DA:57,0
DA:61,0
DA:63,0
DA:70,0
DA:71,0
DA:76,0
DA:80,0
DA:83,0
DA:88,0
DA:91,0
DA:95,0
DA:97,0
DA:99,0
DA:104,0
DA:110,0
DA:111,0
DA:116,0
DA:120,0
DA:121,0
DA:123,0
DA:124,0
LF:32
LH:0
BRDA:45,0,0,0
BRDA:51,1,0,0
BRDA:56,2,0,0
BRDA:56,2,1,0
BRDA:57,3,0,0
BRDA:57,3,1,0
BRDA:83,4,0,0
BRDA:83,4,1,0
BRDA:91,5,0,0
BRDA:91,5,1,0
BRDA:110,6,0,0
BRDA:110,6,1,0
BRDA:123,7,0,0
BRF:13
BRH:0
end_of_record
TN:
SF:store/banking/accounts-store.ts
FN:53,(anonymous_6)
FN:56,(anonymous_7)
FN:83,(anonymous_8)
FN:107,(anonymous_9)
FN:111,(anonymous_10)
FN:113,(anonymous_11)
FN:129,(anonymous_12)
FN:136,(anonymous_13)
FN:150,(anonymous_14)
FN:151,(anonymous_15)
FN:153,(anonymous_16)
FN:154,(anonymous_17)
FN:156,(anonymous_18)
FN:157,(anonymous_19)
FN:159,(anonymous_20)
FNF:15
FNH:0
FNDA:0,(anonymous_6)
FNDA:0,(anonymous_7)
FNDA:0,(anonymous_8)
FNDA:0,(anonymous_9)
FNDA:0,(anonymous_10)
FNDA:0,(anonymous_11)
FNDA:0,(anonymous_12)
FNDA:0,(anonymous_13)
FNDA:0,(anonymous_14)
FNDA:0,(anonymous_15)
FNDA:0,(anonymous_16)
FNDA:0,(anonymous_17)
FNDA:0,(anonymous_18)
FNDA:0,(anonymous_19)
FNDA:0,(anonymous_20)
DA:4,0
DA:5,0
DA:6,0
DA:7,0
DA:42,0
DA:51,0
DA:53,0
DA:57,0
DA:60,0
DA:61,0
DA:62,0
DA:63,0
DA:64,0
DA:68,0
DA:70,0
DA:71,0
DA:74,0
DA:76,0
DA:78,0
DA:79,0
DA:84,0
DA:87,0
DA:88,0
DA:89,0
DA:90,0
DA:91,0
DA:95,0
DA:96,0
DA:99,0
DA:101,0
DA:103,0
DA:108,0
DA:113,0
DA:117,0
DA:118,0
DA:120,0
DA:122,0
DA:125,0
DA:129,0
DA:130,0
DA:131,0
DA:137,0
DA:139,0
DA:140,0
DA:150,0
DA:151,0
DA:153,0
DA:154,0
DA:156,0
DA:157,0
DA:159,0
DA:160,0
LF:52
LH:0
BRDA:56,0,0,0
BRDA:60,1,0,0
BRDA:62,2,0,0
BRDA:83,3,0,0
BRDA:87,4,0,0
BRDA:89,5,0,0
BRDA:120,6,0,0
BRDA:160,7,0,0
BRDA:160,7,1,0
BRF:9
BRH:0
end_of_record
TN:
SF:store/banking/connections-store.ts
FN:59,(anonymous_8)
FN:62,(anonymous_9)
FN:90,(anonymous_10)
FN:116,(anonymous_11)
FN:118,(anonymous_12)
FN:137,(anonymous_13)
FN:144,(anonymous_14)
FN:146,(anonymous_15)
FN:154,(anonymous_16)
FN:155,(anonymous_17)
FN:166,(anonymous_18)
FN:173,(anonymous_19)
FN:180,(anonymous_20)
FN:187,(anonymous_21)
FN:199,(anonymous_22)
FN:213,(anonymous_23)
FN:214,(anonymous_24)
FN:216,(anonymous_25)
FN:217,(anonymous_26)
FN:221,(anonymous_27)
FN:222,(anonymous_28)
FN:224,(anonymous_29)
FN:225,(anonymous_30)
FN:227,(anonymous_31)
FN:230,(anonymous_32)
FNF:25
FNH:0
FNDA:0,(anonymous_8)
FNDA:0,(anonymous_9)
FNDA:0,(anonymous_10)
FNDA:0,(anonymous_11)
FNDA:0,(anonymous_12)
FNDA:0,(anonymous_13)
FNDA:0,(anonymous_14)
FNDA:0,(anonymous_15)
FNDA:0,(anonymous_16)
FNDA:0,(anonymous_17)
FNDA:0,(anonymous_18)
FNDA:0,(anonymous_19)
FNDA:0,(anonymous_20)
FNDA:0,(anonymous_21)
FNDA:0,(anonymous_22)
FNDA:0,(anonymous_23)
FNDA:0,(anonymous_24)
FNDA:0,(anonymous_25)
FNDA:0,(anonymous_26)
FNDA:0,(anonymous_27)
FNDA:0,(anonymous_28)
FNDA:0,(anonymous_29)
FNDA:0,(anonymous_30)
FNDA:0,(anonymous_31)
FNDA:0,(anonymous_32)
DA:4,0
DA:5,0
DA:6,0
DA:7,0
DA:8,0
DA:44,0
DA:57,0
DA:59,0
DA:63,0
DA:66,0
DA:67,0
DA:68,0
DA:69,0
DA:70,0
DA:74,0
DA:76,0
DA:77,0
DA:78,0
DA:81,0
DA:83,0
DA:85,0
DA:86,0
DA:91,0
DA:94,0
DA:95,0
DA:96,0
DA:97,0
DA:98,0
DA:102,0
DA:104,0
DA:105,0
DA:108,0
DA:110,0
DA:112,0
DA:118,0
DA:122,0
DA:123,0
DA:126,0
DA:129,0
DA:130,0
DA:133,0
DA:134,0
DA:137,0
DA:138,0
DA:139,0
DA:146,0
DA:150,0
DA:151,0
DA:154,0
DA:155,0
DA:159,0
DA:160,0
DA:163,0
DA:166,0
DA:167,0
DA:168,0
DA:174,0
DA:181,0
DA:189,0
DA:196,0
DA:200,0
DA:202,0
DA:203,0
DA:213,0
DA:214,0
DA:216,0
DA:217,0
DA:218,0
DA:221,0
DA:222,0
DA:224,0
DA:225,0
DA:227,0
DA:228,0
DA:230,0
DA:231,0
LF:76
LH:0
BRDA:62,0,0,0
BRDA:66,1,0,0
BRDA:68,2,0,0
BRDA:78,3,0,0
BRDA:78,3,1,0
BRDA:90,4,0,0
BRDA:94,5,0,0
BRDA:96,6,0,0
BRDA:176,7,0,0
BRDA:176,7,1,0
BRDA:228,8,0,0
BRDA:228,8,1,0
BRDA:231,9,0,0
BRDA:231,9,1,0
BRF:14
BRH:0
end_of_record
TN:
SF:store/banking/index.ts
FN:15,useBankingStores
FN:28,resetAllBankingStores
FNF:2
FNH:0
FNDA:0,useBankingStores
FNDA:0,resetAllBankingStores
DA:6,0
DA:7,0
DA:8,0
DA:15,0
DA:16,0
DA:17,0
DA:18,0
DA:20,0
DA:28,0
DA:29,0
DA:30,0
DA:31,0
LF:12
LH:0
BRF:0
BRH:0
end_of_record
TN:
SF:store/banking/transactions-store.ts
FN:72,(anonymous_7)
FN:75,(anonymous_8)
FN:122,(anonymous_9)
FN:149,(anonymous_10)
FN:159,(anonymous_11)
FN:164,(anonymous_12)
FN:166,(anonymous_13)
FN:174,(anonymous_14)
FN:175,(anonymous_15)
FN:189,(anonymous_16)
FN:196,(anonymous_17)
FN:205,(anonymous_18)
FN:206,(anonymous_19)
FN:223,(anonymous_20)
FN:224,(anonymous_21)
FN:235,(anonymous_22)
FN:236,(anonymous_23)
FN:238,(anonymous_24)
FN:243,(anonymous_25)
FN:247,(anonymous_26)
FN:260,(anonymous_27)
FN:261,(anonymous_28)
FN:263,(anonymous_29)
FN:264,(anonymous_30)
FN:266,(anonymous_31)
FN:267,(anonymous_32)
FN:269,(anonymous_33)
FN:272,(anonymous_34)
FN:275,(anonymous_35)
FN:284,(anonymous_36)
FN:287,(anonymous_37)
FNF:31
FNH:0
FNDA:0,(anonymous_7)
FNDA:0,(anonymous_8)
FNDA:0,(anonymous_9)
FNDA:0,(anonymous_10)
FNDA:0,(anonymous_11)
FNDA:0,(anonymous_12)
FNDA:0,(anonymous_13)
FNDA:0,(anonymous_14)
FNDA:0,(anonymous_15)
FNDA:0,(anonymous_16)
FNDA:0,(anonymous_17)
FNDA:0,(anonymous_18)
FNDA:0,(anonymous_19)
FNDA:0,(anonymous_20)
FNDA:0,(anonymous_21)
FNDA:0,(anonymous_22)
FNDA:0,(anonymous_23)
FNDA:0,(anonymous_24)
FNDA:0,(anonymous_25)
FNDA:0,(anonymous_26)
FNDA:0,(anonymous_27)
FNDA:0,(anonymous_28)
FNDA:0,(anonymous_29)
FNDA:0,(anonymous_30)
FNDA:0,(anonymous_31)
FNDA:0,(anonymous_32)
FNDA:0,(anonymous_33)
FNDA:0,(anonymous_34)
FNDA:0,(anonymous_35)
FNDA:0,(anonymous_36)
FNDA:0,(anonymous_37)
DA:4,0
DA:5,0
DA:6,0
DA:7,0
DA:55,0
DA:70,0
DA:72,0
DA:76,0
DA:77,0
DA:83,0
DA:84,0
DA:85,0
DA:86,0
DA:93,0
DA:97,0
DA:99,0
DA:100,0
DA:107,0
DA:109,0
DA:117,0
DA:118,0
DA:123,0
DA:126,0
DA:127,0
DA:128,0
DA:129,0
DA:130,0
DA:134,0
DA:136,0
DA:137,0
DA:140,0
DA:142,0
DA:144,0
DA:145,0
DA:150,0
DA:151,0
DA:153,0
DA:156,0
DA:160,0
DA:161,0
DA:166,0
DA:170,0
DA:171,0
DA:174,0
DA:176,0
DA:181,0
DA:182,0
DA:186,0
DA:189,0
DA:190,0
DA:191,0
DA:197,0
DA:198,0
DA:203,0
DA:205,0
DA:207,0
DA:215,0
DA:218,0
DA:219,0
DA:224,0
DA:225,0
DA:226,0
DA:227,0
DA:229,0
DA:231,0
DA:236,0
DA:238,0
DA:244,0
DA:248,0
DA:250,0
DA:260,0
DA:261,0
DA:263,0
DA:264,0
DA:266,0
DA:267,0
DA:269,0
DA:270,0
DA:272,0
DA:273,0
DA:275,0
DA:276,0
DA:277,0
DA:284,0
DA:287,0
LF:85
LH:0
BRDA:75,0,0,0
BRDA:75,1,0,0
BRDA:83,2,0,0
BRDA:85,3,0,0
BRDA:122,4,0,0
BRDA:126,5,0,0
BRDA:128,6,0,0
BRDA:176,7,0,0
BRDA:176,7,1,0
BRDA:203,8,0,0
BRDA:207,9,0,0
BRDA:207,9,1,0
BRDA:226,10,0,0
BRDA:226,10,1,0
BRDA:237,11,0,0
BRDA:237,11,1,0
BRDA:276,12,0,0
BRDA:279,13,0,0
BRDA:279,13,1,0
BRF:19
BRH:0
end_of_record
TN:
SF:utils/banking-cache.ts
FN:26,(anonymous_4)
FN:50,(anonymous_5)
FN:83,(anonymous_6)
FN:90,(anonymous_7)
FN:92,(anonymous_8)
FN:102,(anonymous_9)
FN:106,(anonymous_10)
FN:127,(anonymous_11)
FN:139,(anonymous_12)
FN:146,(anonymous_13)
FN:170,(anonymous_14)
FN:186,useCachedData
FN:200,(anonymous_16)
FN:206,(anonymous_17)
FN:223,(anonymous_18)
FNF:15
FNH:0
FNDA:0,(anonymous_4)
FNDA:0,(anonymous_5)
FNDA:0,(anonymous_6)
FNDA:0,(anonymous_7)
FNDA:0,(anonymous_8)
FNDA:0,(anonymous_9)
FNDA:0,(anonymous_10)
FNDA:0,(anonymous_11)
FNDA:0,(anonymous_12)
FNDA:0,(anonymous_13)
FNDA:0,(anonymous_14)
FNDA:0,useCachedData
FNDA:0,(anonymous_16)
FNDA:0,(anonymous_17)
FNDA:0,(anonymous_18)
DA:11,0
DA:12,0
DA:15,0
DA:27,0
DA:28,0
DA:29,0
DA:31,0
DA:32,0
DA:35,0
DA:36,0
DA:37,0
DA:40,0
DA:42,0
DA:43,0
DA:51,0
DA:52,0
DA:58,0
DA:63,0
DA:65,0
DA:66,0
DA:68,0
DA:69,0
DA:84,0
DA:91,0
DA:92,0
DA:93,0
DA:94,0
DA:103,0
DA:104,0
DA:106,0
DA:107,0
DA:108,0
DA:109,0
DA:110,0
DA:111,0
DA:112,0
DA:113,0
DA:118,0
DA:128,0
DA:129,0
DA:130,0
DA:131,0
DA:132,0
DA:133,0
DA:140,0
DA:147,0
DA:148,0
DA:149,0
DA:151,0
DA:152,0
DA:153,0
DA:156,0
DA:157,0
DA:161,0
DA:163,0
DA:171,0
DA:172,0
DA:173,0
DA:175,0
DA:176,0
DA:178,0
DA:186,0
DA:200,0
DA:201,0
DA:203,0
DA:204,0
DA:206,0
DA:207,0
DA:208,0
DA:210,0
DA:211,0
DA:212,0
DA:213,0
DA:215,0
DA:216,0
DA:217,0
DA:219,0
DA:223,0
DA:225,0
DA:226,0
DA:229,0
DA:230,0
DA:231,0
DA:236,0
DA:240,0
LF:85
LH:0
BRDA:29,0,0,0
BRDA:35,1,0,0
BRDA:55,2,0,0
BRDA:55,2,1,0
BRDA:65,3,0,0
BRDA:65,4,0,0
BRDA:65,4,1,0
BRDA:93,5,0,0
BRDA:107,6,0,0
BRDA:110,7,0,0
BRDA:112,8,0,0
BRDA:128,9,0,0
BRDA:129,10,0,0
BRDA:130,11,0,0
BRDA:131,12,0,0
BRDA:132,13,0,0
BRDA:149,14,0,0
BRDA:156,15,0,0
BRDA:156,16,0,0
BRDA:156,16,1,0
BRDA:173,17,0,0
BRDA:201,18,0,0
BRDA:201,18,1,0
BRDA:225,19,0,0
BRDA:225,19,1,0
BRDA:225,20,0,0
BRDA:225,20,1,0
BRDA:230,21,0,0
BRF:28
BRH:0
end_of_record
TN:
SF:utils/banking-errors.ts
FN:25,(anonymous_1)
FN:124,(anonymous_2)
FN:131,(anonymous_3)
FN:152,(anonymous_4)
FN:169,(anonymous_5)
FN:208,(anonymous_6)
FNF:6
FNH:0
FNDA:0,(anonymous_1)
FNDA:0,(anonymous_2)
FNDA:0,(anonymous_3)
FNDA:0,(anonymous_4)
FNDA:0,(anonymous_5)
FNDA:0,(anonymous_6)
DA:21,0
DA:34,0
DA:36,0
DA:47,0
DA:58,0
DA:69,0
DA:80,0
DA:91,0
DA:98,0
DA:109,0
DA:125,0
DA:132,0
DA:133,0
DA:137,0
DA:139,0
DA:141,0
DA:143,0
DA:145,0
DA:157,0
DA:159,0
DA:170,0
DA:171,0
DA:175,0
DA:177,0
DA:184,0
DA:191,0
DA:198,0
DA:210,0
DA:211,0
DA:215,0
DA:216,0
DA:223,0
DA:224,0
DA:228,0
LF:34
LH:0
BRDA:34,0,0,0
BRDA:34,0,1,0
BRDA:34,0,2,0
BRDA:34,0,3,0
BRDA:34,0,4,0
BRDA:34,0,5,0
BRDA:34,0,6,0
BRDA:34,0,7,0
BRDA:38,1,0,0
BRDA:38,1,1,0
BRDA:49,2,0,0
BRDA:49,2,1,0
BRDA:60,3,0,0
BRDA:60,3,1,0
BRDA:71,4,0,0
BRDA:71,4,1,0
BRDA:82,5,0,0
BRDA:82,5,1,0
BRDA:93,6,0,0
BRDA:93,6,1,0
BRDA:100,7,0,0
BRDA:100,7,1,0
BRDA:111,8,0,0
BRDA:111,8,1,0
BRDA:132,9,0,0
BRDA:137,10,0,0
BRDA:137,10,1,0
BRDA:137,10,2,0
BRDA:137,10,3,0
BRDA:162,11,0,0
BRDA:162,11,1,0
BRDA:170,12,0,0
BRDA:175,13,0,0
BRDA:175,13,1,0
BRDA:175,13,2,0
BRDA:175,13,3,0
BRDA:210,14,0,0
BRDA:210,15,0,0
BRDA:210,15,1,0
BRDA:215,16,0,0
BRDA:215,17,0,0
BRDA:215,17,1,0
BRDA:223,18,0,0
BRF:43
BRH:0
end_of_record
TN:
SF:utils/billing.utils.ts
FN:23,calculateTrialInfo
FN:51,calculateBillingInfo
FN:69,getSubscriptionStatusInfo
FN:85,shouldShowUpgradePrompt
FNF:4
FNH:0
FNDA:0,calculateTrialInfo
FNDA:0,calculateBillingInfo
FNDA:0,getSubscriptionStatusInfo
FNDA:0,shouldShowUpgradePrompt
DA:23,0
DA:24,0
DA:25,0
DA:34,0
DA:35,0
DA:36,0
DA:37,0
DA:39,0
DA:51,0
DA:56,0
DA:69,0
DA:70,0
DA:78,0
DA:80,0
DA:85,0
DA:89,0
LF:16
LH:0
BRDA:24,0,0,0
BRDA:44,1,0,0
BRDA:44,1,1,0
BRDA:57,2,0,0
BRDA:57,2,1,0
BRDA:58,3,0,0
BRDA:58,3,1,0
BRDA:59,4,0,0
BRDA:59,4,1,0
BRDA:60,5,0,0
BRDA:60,5,1,0
BRDA:70,6,0,0
BRDA:70,6,1,0
BRDA:89,7,0,0
BRDA:89,7,1,0
BRDA:89,7,2,0
BRF:16
BRH:0
end_of_record
TN:
SF:utils/validation.ts
FN:11,validateCNPJ
FN:59,validatePhone
FNF:2
FNH:0
FNDA:0,validateCNPJ
FNDA:0,validatePhone
DA:6,0
DA:11,0
DA:13,0
DA:16,0
DA:17,0
DA:21,0
DA:22,0
DA:26,0
DA:27,0
DA:28,0
DA:29,0
DA:30,0
DA:33,0
DA:34,0
DA:35,0
DA:39,0
DA:40,0
DA:41,0
DA:42,0
DA:43,0
DA:46,0
DA:47,0
DA:48,0
DA:51,0
DA:59,0
DA:60,0
DA:63,0
DA:64,0
DA:68,0
DA:81,0
DA:82,0
DA:83,0
DA:87,0
DA:88,0
DA:91,0
LF:35
LH:0
BRDA:16,0,0,0
BRDA:21,1,0,0
BRDA:30,2,0,0
BRDA:30,2,1,0
BRDA:33,3,0,0
BRDA:33,3,1,0
BRDA:34,4,0,0
BRDA:43,5,0,0
BRDA:43,5,1,0
BRDA:46,6,0,0
BRDA:46,6,1,0
BRDA:47,7,0,0
BRDA:63,8,0,0
BRDA:63,9,0,0
BRDA:63,9,1,0
BRDA:82,10,0,0
BRDA:87,11,0,0
BRDA:87,12,0,0
BRDA:87,12,1,0
BRF:19
BRH:0
end_of_record
